Start testing: Mar 04 19:54 UTC
----------------------------------------------------------
1/2 Testing: unit_tests
1/2 Test: unit_tests
Command: "/root/SuperScalar/build-asan/test_superscalar" "--unit"
Directory: /root/SuperScalar/build-asan
"unit_tests" start time: Mar 04 19:54 UTC
Output:
----------------------------------------------------------
SuperScalar Test Suite
======================

=== DW State Machine ===
  test_dw_layer_init... OK
  test_dw_delay_for_state... OK
  test_dw_nsequence_for_state... OK
  test_dw_advance... OK
  test_dw_exhaustion... OK
  test_dw_counter_init... OK
  test_dw_counter_advance... OK
  test_dw_counter_full_cycle... OK

=== MuSig2 ===
  test_musig_aggregate_keys... OK
  test_musig_sign_verify... OK
  test_musig_wrong_message... OK
  test_musig_taproot_sign... OK

=== MuSig2 Split-Round ===
  test_musig_split_round_basic... OK
  test_musig_split_round_taproot... OK
  test_musig_nonce_pool... OK
  test_musig_partial_sig_verify... OK
  test_musig_serialization... OK
  test_musig_split_round_5of5... OK

=== Transaction Builder ===
  test_tx_buf_primitives... OK
  test_build_p2tr_script_pubkey... OK
  test_build_unsigned_tx... OK
  test_finalize_signed_tx... OK
  test_varint_encoding... OK

=== Factory Tree ===
  test_factory_build_tree... OK
  test_factory_sign_all... OK
  test_factory_advance... OK

=== Factory Split-Round ===
  test_factory_sign_split_round_step_by_step... OK
  test_factory_split_round_with_pool... OK
  test_factory_advance_split_round... OK

=== Tapscript (Timeout-Sig-Trees) ===
  test_tapscript_leaf_hash... OK
  test_tapscript_tweak_with_tree... OK
  test_tapscript_control_block... OK
  test_tapscript_sighash... OK
  test_factory_tree_with_timeout... OK
  test_multi_level_timeout_unit... OK

=== Shachain (Factory) ===
  test_shachain_generation... OK
  test_shachain_derivation_property... OK

=== Factory Shachain (L-Output Invalidation) ===
  test_factory_l_stock_with_burn_path... OK
  test_factory_burn_tx_construction... OK
  test_factory_advance_with_shachain... OK

=== Channel (Poon-Dryja) ===
  test_channel_key_derivation... OK
  test_channel_commitment_tx... OK
  test_channel_sign_commitment... OK
  test_channel_update... OK
  test_channel_revocation... OK
  test_channel_penalty_tx... OK

=== HTLC (Phase 6) ===
  test_htlc_offered_scripts... OK
  test_htlc_received_scripts... OK
  test_htlc_control_block_2leaf... OK
  test_htlc_add_fulfill... OK
  test_htlc_add_fail... OK
  test_htlc_commitment_tx... OK
  test_htlc_success_spend... OK
  test_htlc_timeout_spend... OK
  test_htlc_penalty... OK

=== Cooperative Close (Phase 7) ===
  test_factory_cooperative_close... OK
  test_factory_cooperative_close_balances... OK
  test_channel_cooperative_close... OK

=== Adaptor Signatures (Phase 8a) ===
  test_adaptor_round_trip... OK
  test_adaptor_pre_sig_invalid... OK
  test_adaptor_taproot... OK

=== PTLC Key Turnover (Phase 8b) ===
  test_ptlc_key_turnover... OK
  test_ptlc_lsp_sockpuppet... OK
  test_ptlc_factory_coop_close_after_turnover... OK

=== Factory Lifecycle (Phase 8c) ===
  test_factory_lifecycle_states... OK
  test_factory_lifecycle_queries... OK
  test_factory_distribution_tx... OK
  test_factory_distribution_tx_default... OK

=== Ladder Manager (Phase 8d) ===
  test_ladder_create_factories... OK
  test_ladder_state_transitions... OK
  test_ladder_key_turnover_close... OK
  test_ladder_overlapping... OK

=== Wire Protocol (Phase 9) ===
  test_wire_pubkey_only_factory... OK
  test_wire_framing... OK
  test_wire_crypto_serialization... OK
  test_wire_nonce_bundle... OK
  test_wire_psig_bundle... OK
  test_wire_close_unsigned... OK
  test_wire_distributed_signing... OK

=== Channel Operations (Phase 10) ===
  test_channel_msg_round_trip... OK
  test_lsp_channel_init... OK
  test_fee_policy_balance_split... OK
  test_channel_wire_framing... OK

=== Persistence (Phase 13) ===
  test_persist_open_close... OK
  test_persist_channel_round_trip... OK
  test_persist_revocation_round_trip... OK
  test_persist_htlc_round_trip... OK
  test_persist_htlc_delete... OK
  test_persist_factory_round_trip... OK
  test_persist_nonce_pool_round_trip... OK
  test_persist_multi_channel... OK

=== CLN Bridge (Phase 14) ===
  test_bridge_msg_round_trip... OK
  test_bridge_hello_handshake... OK
  test_bridge_invoice_registry... OK
  test_bridge_inbound_flow... OK
  test_bridge_outbound_flow... OK
  test_bridge_unknown_hash... OK
  test_lsp_bridge_accept... OK
  test_lsp_inbound_via_bridge... OK
  test_bridge_register_forward... OK
  test_bridge_set_nk_pubkey... OK
  test_bridge_htlc_timeout...LSP: bridge HTLC timeout ‚Äî height 565 approaching expiry 600
 OK
  test_bridge_invoice_bolt11_round_trip... OK
  test_bridge_bolt11_plugin_to_lsp... OK
  test_bridge_preimage_passthrough... OK
  test_bridge_keysend_inbound... OK

=== Wire Hostname + Tor ===
  test_wire_connect_hostname... OK
  test_wire_connect_onion_no_proxy...wire_connect: .onion address requires --tor-proxy (refusing to prevent DNS leak)
 OK
  test_tor_parse_proxy_arg... OK
  test_tor_parse_proxy_arg_edge_cases... OK
  test_tor_socks5_mock... OK

=== Daemon Mode (Phase 15) ===
  test_register_invoice_wire... OK
  test_daemon_event_loop...LSP: daemon loop started (Ctrl+C to stop)
LSP: daemon loop stopped (shutdown requested)
 OK
  test_client_daemon_autofulfill... OK
  test_cli_command_parsing...Commands:
  pay <from> <to> <amount>     Send payment between clients
  rebalance <from> <to> <amt>  Rebalance: move sats between clients
  invoice <client> <msat>      Create external invoice for LN receive
  status                       Show factory/channel/bridge state
  rotate                       Force factory rotation
  close                        Cooperative close and shutdown
  help                         Show this help
--- Factory Status ---
  Channels: 4
  Channel 0: local=50000 remote=50000 cn=0 fd=-1
  Channel 1: local=30000 remote=70000 cn=0 fd=-1
  Channel 2: local=0 remote=0 cn=0 fd=-1
  Channel 3: local=0 remote=0 cn=0 fd=-1
  Bridge: disconnected
  Registered invoices: 0 active / 0 total
  Active HTLCs: 0
---
CLI: triggering shutdown (cooperative close)
CLI: forcing rotation
CLI: rotation FAILED
CLI: pay 0 ‚Üí 1 (1000 sats)
LSP demo: send CREATE_INVOICE failed
CLI: pay FAILED
CLI: cannot pay self
CLI: invalid client index (max 3)
CLI: usage: pay <from> <to> <amount>
CLI: rebalance 0 ‚Üí 1 (1000 sats)
LSP demo: send CREATE_INVOICE failed
CLI: rebalance FAILED
CLI: cannot rebalance self
CLI: usage: rebalance <from> <to> <amount>
CLI: unknown command 'foobar' (type 'help')
 OK

=== Reconnection (Phase 16) ===
  test_reconnect_wire... OK
  test_reconnect_pubkey_match...LSP: client 2 reconnected (commitment=0)
 OK
  test_reconnect_nonce_reexchange... OK
  test_client_persist_reload... OK

=== Reconnect Commitment Reconciliation (Gap 2B/2C) ===
  test_reconnect_commitment_mismatch_rollback...LSP: rolled back channel 2 to committed state (cn=0)
LSP: client 2 reconnected (commitment=0)
 OK
  test_reconnect_commitment_mismatch_reject...LSP reconnect: irreconcilable commitment mismatch (client=0, lsp=5, diff=5) for slot 2 ‚Äî closing connection
LSP reconnect: irreconcilable commitment mismatch (client=0, lsp=1, diff=1) for slot 2 ‚Äî closing connection
 OK
  test_reconnect_htlc_replay...LSP: replay partial sig failed for client 1
LSP: client 1 reconnected (commitment=1)
 OK

=== Security Hardening ===
  test_secure_zero_basic... OK
  test_wire_plaintext_refused_after_handshake... OK
  test_nonce_stable_on_send_failure... OK
  test_fd_table_grows_beyond_16... OK
  test_channel_unlimited_commitments... OK
  test_channel_dynamic_growth... OK

=== Demo Polish (Phase 17) ===
  test_create_invoice_wire... OK
  test_preimage_fulfills_htlc... OK
  test_balance_reporting...
  Channel | Client | Local (sats) | Remote (sats)
  --------+--------+--------------+--------------
    0     |   1    |        8156  |        8156
    1     |   2    |        8156  |        8156
    2     |   3    |        8156  |        8156
    3     |   4    |        8156  |        8156

 OK

=== Watchtower + Fees (Phase 18) ===
  test_fee_init_default... OK
  test_fee_penalty_tx... OK
  test_fee_factory_tx... OK
  test_fee_update_from_node_null... OK
  test_watchtower_watch_and_check... OK
  test_persist_old_commitments... OK
  test_regtest_get_raw_tx_api... OK

=== Encrypted Transport (Phase 19) ===
  test_chacha20_poly1305_rfc7539... OK
  test_hmac_sha256_rfc4231... OK
  test_hkdf_sha256_rfc5869... OK
  test_noise_handshake... OK
  test_encrypted_wire_round_trip... OK
  test_encrypted_tamper_reject... OK

=== Network Mode (Demo Day Step 1) ===
  test_network_init_regtest... OK
  test_network_mode_flag... OK
  test_block_height... OK

=== Dust/Reserve Validation (Demo Day Step 2) ===
  test_dust_limit_reject... OK
  test_reserve_enforcement... OK
  test_factory_dust_reject... OK

=== Watchtower Wiring (Demo Day Step 3) ===
  test_watchtower_wired... OK
  test_watchtower_entry_fields... OK

=== HTLC Timeout Enforcement (Demo Day Step 4) ===
  test_htlc_timeout_auto_fail... OK
  test_htlc_fulfill_before_timeout... OK
  test_htlc_no_timeout_zero_expiry... OK

=== Encrypted Keyfile (Demo Day Step 5) ===
  test_keyfile_save_load... OK
  test_keyfile_wrong_passphrase... OK
  test_keyfile_generate... OK

=== Signet Interop (Phase 20) ===
  test_regtest_init_full... OK
  test_regtest_get_balance... OK
  test_mine_blocks_non_regtest... OK

=== Persistence Hardening (Phase 23) ===
  test_persist_dw_counter_round_trip... OK
  test_persist_departed_clients_round_trip... OK
  test_persist_invoice_round_trip... OK
  test_persist_htlc_origin_round_trip... OK
  test_persist_client_invoice_round_trip... OK
  test_persist_counter_round_trip... OK

=== Demo Protections (Tier 1) ===
  test_factory_lifecycle_daemon_check... OK
  test_breach_detect_old_commitment... OK
  test_dw_counter_tracks_advance... OK

=== Daemon Feature Wiring (Tier 2) ===
  test_ladder_daemon_integration... OK
  test_distribution_tx_amounts... OK
  test_turnover_extract_and_close... OK

=== Factory Rotation (Tier 3) ===
  test_ptlc_wire_round_trip... OK
  test_ptlc_wire_over_socket... OK
  test_multi_factory_ladder_monitor... OK

=== Basepoint Exchange (Gap #1) ===
  test_wire_channel_basepoints_round_trip... OK
  test_basepoint_independence... OK

=== Random Basepoints ===
  test_random_basepoints... OK
  test_persist_basepoints... OK

=== LSP Recovery ===
  test_lsp_recovery_round_trip...LSP recovery: loaded 2 HTLCs for channel 0
 OK

=== Persistence Stress ===
  test_persist_crash_stress...LSP recovery: loaded 2 HTLCs for channel 0
LSP recovery: loaded 1 HTLCs for channel 1
LSP recovery: loaded 1 HTLCs for channel 2
LSP recovery: loaded 1 HTLCs for channel 0
LSP recovery: loaded 1 HTLCs for channel 2
LSP recovery: loaded 2 HTLCs for channel 3
LSP recovery: loaded 1 HTLCs for channel 0
LSP recovery: loaded 8 HTLCs for channel 2
LSP recovery: loaded 2 HTLCs for channel 3
 OK
  test_persist_crash_dw_state... OK
  test_persist_htlc_bidirectional... OK

=== Client Watchtower ===
  test_client_watchtower_init... OK
  test_bidirectional_revocation... OK
  test_client_watch_revoked_commitment... OK
  test_lsp_revoke_and_ack_wire... OK
  test_factory_node_watch... OK
  test_factory_and_commitment_entries... OK
  test_htlc_penalty_watch... OK

=== CPFP Anchor System ===
  test_penalty_tx_has_anchor... OK
  test_htlc_penalty_tx_has_anchor... OK
  test_watchtower_pending_tracking... OK
  test_penalty_fee_updated... OK
  test_watchtower_anchor_init... OK

=== CPFP Audit & Remediation ===
  test_cpfp_sign_complete_check... OK
  test_cpfp_witness_offset_p2wpkh... OK
  test_cpfp_retry_bump... OK
  test_pending_persistence... OK

=== Continuous Ladder Daemon (Gap #3) ===
  test_ladder_evict_expired... OK
  test_rotation_trigger_condition... OK
  test_rotation_context_save_restore... OK

=== Security Model Tests ===
  test_ladder_partial_departure_blocks_close... OK
  test_ladder_restructure_fewer_clients...factory_build_tree: invalid participant count 2 (need 3..16)
 OK
  test_dw_cross_layer_delay_ordering... OK
  test_ladder_full_rotation_cycle... OK
  test_ladder_evict_and_reuse_slot... OK

=== Partial Close ===
  test_ladder_get_cooperative_clients... OK
  test_ladder_get_uncooperative_clients... OK
  test_ladder_can_partial_close_thresholds... OK
  test_partial_rotation_3of4... OK
  test_partial_rotation_2of4... OK
  test_partial_rotation_insufficient... OK
  test_partial_rotation_preserves_distribution_tx... OK

=== JIT Channel Fallback (Gap #2) ===
  test_last_message_time_update... OK
  test_offline_detection_flag... OK
  test_jit_offer_round_trip... OK
  test_jit_accept_round_trip... OK
  test_jit_ready_round_trip... OK
  test_jit_migrate_round_trip... OK
  test_jit_channel_init_and_find... OK
  test_jit_channel_id_no_collision... OK
  test_jit_routing_prefers_factory... OK
  test_jit_routing_fallback... OK
  test_client_jit_accept_flow... OK
  test_client_jit_channel_dispatch... OK
  test_persist_jit_save_load... OK
  test_persist_jit_update... OK
  test_persist_jit_delete... OK
  test_jit_cooperative_close... OK
  test_jit_cooperative_close_key_mismatch...LSP JIT close: key mismatch for client 2 (extracted != JIT remote funding key)
 OK
  test_jit_migrate_lifecycle...LSP JIT: channel 00008001 migrated to factory 0 (local=5000, remote=3000)
 OK
  test_jit_migrate_no_balance_hack...LSP JIT: channel 00008000 migrated to factory 0 (local=15000, remote=12000)
 OK
  test_jit_state_conversion... OK
  test_jit_msg_type_names... OK

=== JIT Hardening ===
  test_jit_watchtower_registration... OK
  test_jit_watchtower_revocation... OK
  test_jit_watchtower_cleanup_on_close... OK
  test_jit_persist_reload_active... OK
  test_jit_persist_skip_closed... OK
  test_jit_multiple_channels... OK
  test_jit_multiple_watchtower_indices... OK
  test_jit_funding_confirmation_transition... OK

=== Cooperative Epoch Reset + Per-Leaf Advance ===
  test_dw_counter_reset... OK
  test_factory_reset_epoch... OK
  test_factory_advance_leaf_left... OK
  test_factory_advance_leaf_right... OK
  test_factory_advance_leaf_independence... OK
  test_factory_advance_leaf_exhaustion... OK
  test_factory_advance_leaf_preserves_parent_txids... OK
  test_factory_epoch_reset_after_leaf_mode... OK

=== Edge Cases + Failure Modes ===
  test_dw_counter_single_state... OK
  test_dw_delay_invariants... OK
  test_commitment_number_overflow... OK
  test_htlc_double_fulfill_rejected... OK
  test_htlc_fail_after_fulfill_rejected... OK
  test_htlc_fulfill_after_fail_rejected... OK
  test_htlc_max_count_enforcement... OK
  test_htlc_dust_amount_rejected... OK
  test_htlc_reserve_enforcement... OK
  test_factory_advance_past_exhaustion... OK

=== Phase 2: Testnet Ready ===
  test_wire_oversized_frame_rejected... OK
  test_cltv_delta_enforcement... OK
  test_persist_schema_version... OK
  test_persist_schema_future_reject...persist_open: DB schema version 999 > code version 1 (upgrade your binary)
 OK
  test_persist_validate_factory_load...persist_load_factory: invalid n_participants 1
persist_load_factory: funding_amount is 0
persist_load_factory: states_per_layer is 0
persist_load_factory: step_blocks is 0
 OK
  test_persist_validate_channel_load...persist_load_channel_state: total balance is 0
 OK
  test_factory_flat_secrets_round_trip... OK
  test_factory_flat_secrets_persistence... OK
  test_fee_estimator_wiring... OK
  test_fee_estimator_null_fallback... OK
  test_accept_timeout...LSP: accept timeout waiting for client 0 (1s)
 OK
  test_noise_nk_handshake... OK
  test_noise_nk_wrong_pubkey... OK

=== Security Model Gap Tests ===
  test_musig_nonce_pool_edge_cases... OK
  test_wire_recv_truncated_header... OK
  test_wire_recv_truncated_body... OK
  test_wire_recv_zero_length_frame... OK

=== Tree Navigation ===
  test_factory_path_to_root... OK
  test_factory_subtree_clients... OK
  test_factory_find_leaf_for_client... OK
  test_factory_nav_variable_n... OK
  test_factory_timeout_spend_tx... OK
  test_factory_timeout_spend_mid_node... OK

=== Variable-N Tree ===
  test_factory_build_tree_n3... OK
  test_factory_build_tree_n7... OK
  test_factory_build_tree_n9... OK
  test_factory_build_tree_n16... OK

=== Arity-1 Leaves ===
  test_factory_build_tree_arity1... OK
  test_factory_arity1_leaf_outputs... OK
  test_factory_arity1_sign_all... OK
  test_factory_arity1_advance... OK
  test_factory_arity1_advance_leaf... OK
  test_factory_arity1_leaf_independence... OK
  test_factory_arity1_coop_close... OK
  test_factory_arity1_client_to_leaf... OK

=== Arity-1 Hardening ===
  test_factory_arity1_cltv_strict_ordering... OK
  test_factory_arity1_min_funding_reject...factory_build_tree: funding 1000 sats below minimum 7168
 OK
  test_factory_arity1_input_amounts_consistent... OK
  test_factory_arity1_split_round_leaf_advance... OK

=== Variable Arity ===
  test_factory_variable_arity_build... OK
  test_factory_variable_arity_sign... OK
  test_factory_variable_arity_backward_compat... OK
  test_factory_derive_scid... OK

=== Route Hints (SCID) ===
  test_wire_scid_assign... OK
  test_wire_leaf_realloc... OK

=== Leaf-Level Fund Reallocation ===
  test_factory_set_leaf_amounts... OK
  test_leaf_realloc_signing... OK
  test_persist_dw_counter_with_leaves_4... OK
  test_persist_file_reopen_round_trip... OK

=== Placement + Economics ===
  test_placement_sequential... OK
  test_placement_inward... OK
  test_placement_outward... OK
  test_placement_timezone_cluster... OK
  test_placement_profiles_wire_round_trip... OK
  test_economic_mode_validation... OK

=== Nonce Pool Integration ===
  test_nonce_pool_factory_creation... OK
  test_nonce_pool_exhaustion... OK
  test_factory_count_nodes_for_participant... OK

=== Subtree-Scoped Signing ===
  test_factory_sessions_init_path... OK
  test_factory_rebuild_path_unsigned... OK
  test_factory_sign_path... OK
  test_factory_advance_and_rebuild_path... OK

=== Ceremony State Machine ===
  test_ceremony_all_respond... OK
  test_ceremony_one_timeout... OK
  test_ceremony_below_minimum... OK
  test_ceremony_state_transitions... OK

=== Distributed State Advances ===
  test_distributed_epoch_reset... OK
  test_arity2_leaf_advance... OK

=== Production Hardening ===
  test_distribution_tx_has_anchor... OK
  test_ceremony_retry_excludes_timeout... OK
  test_funding_reserve_check... OK

=== Rotation Retry with Backoff ===
  test_rotation_retry_backoff... OK
  test_rotation_retry_success_resets... OK
  test_rotation_retry_defaults... OK
  test_rotation_retry_factory_id_collision... OK

=== Profit Settlement ===
  test_profit_settlement_calculation... OK
  test_settlement_trigger_at_interval... OK
  test_on_close_includes_unsettled... OK
  test_close_outputs_wallet_spk... OK
  test_fee_accumulation_and_settlement... OK

=== Distributed Epoch Reset ===
  test_epoch_reset_propose_round_field... OK
  test_distributed_epoch_reset_ceremony... OK

=== Property-Based Tests ===
  test_prop_hex_roundtrip... OK
  test_prop_shachain_uniqueness... OK
  test_prop_wire_msg_roundtrip... OK
  test_prop_varint_roundtrip... OK
  test_prop_channel_balance_conservation... OK
  test_prop_musig_sign_verify... OK
  test_prop_wire_commitment_roundtrip... OK
  test_prop_wire_bridge_roundtrip... OK
  test_prop_persist_factory_roundtrip... OK
  test_prop_wire_register_roundtrip... OK

=== Signet/Testnet4 Gap Stress Tests ===
  test_prop_keysend_wire_roundtrip... OK
  test_prop_keysend_preimage_verify... OK
  test_prop_rebalance_conservation... OK
  test_prop_invoice_registry_exhaustion... OK
  test_prop_keysend_bridge_e2e... OK
  test_prop_cli_command_fuzzing...Commands:
  pay <from> <to> <amount>     Send payment between clients
  rebalance <from> <to> <amt>  Rebalance: move sats between clients
  invoice <client> <msat>      Create external invoice for LN receive
  status                       Show factory/channel/bridge state
  rotate                       Force factory rotation
  close                        Cooperative close and shutdown
  help                         Show this help
--- Factory Status ---
  Channels: 4
  Channel 0: local=0 remote=0 cn=0 fd=-1
  Channel 1: local=0 remote=0 cn=0 fd=-1
  Channel 2: local=0 remote=0 cn=0 fd=-1
  Channel 3: local=0 remote=0 cn=0 fd=-1
  Bridge: disconnected
  Registered invoices: 0 active / 0 total
  Active HTLCs: 0
---
CLI: forcing rotation
CLI: rotation FAILED
CLI: pay 0 ‚Üí 1 (1000 sats)
LSP demo: send CREATE_INVOICE failed
CLI: pay FAILED
CLI: cannot pay self
CLI: invalid client index (max 3)
CLI: unknown command 'pay' (type 'help')
CLI: usage: pay <from> <to> <amount>
CLI: usage: pay <from> <to> <amount>
CLI: usage: pay <from> <to> <amount>
CLI: rebalance 0 ‚Üí 1 (1000 sats)
LSP demo: send CREATE_INVOICE failed
CLI: rebalance FAILED
CLI: cannot rebalance self
CLI: unknown command 'rebalance' (type 'help')
CLI: usage: rebalance <from> <to> <amount>
CLI: usage: rebalance <from> <to> <amount>
CLI: no bridge connected
CLI: unknown command 'invoice' (type 'help')
CLI: invalid client index (max 3)
CLI: unknown command '˝D‹[ŸÈ’D°∂∂S€7¶1≈J•åˇ¢®d¿é¬OK¿≈)E7}„x>z–“˜"bgû∆QËèr|’	áëqØ	nx—∏Eëo‡ÅÑ¯k+÷Àã)™‡œ\W˚møŸáˇN}ìÈ:Ew'à∫wœÕ)œ®∏ı‰S©àè–ô≈TÑÍ•u∆ÖÑì	ä≤å¡DNC2¶G‚H√hùó…RNÆL+ç <5ÃA‘' (type 'help')
CLI: unknown command 'râ√Âà∞ßk†Áò‰ –+˘≈#7Ä‹yxÛÓ◊gπi†5=8˝}√ ˇEß„Æ∑ûTüñ"o;e0ˇÖÒõ≈äWÊZñ≈÷‘*≈)ØÆ∑VÍH.?.ÙºTT˘\¯jÅ°,MÍæ6;[ˆlKÑb[=mmÁPN9◊v<¶ßÆÒDâUV)ÜÆTZV	C˘~‘anöÆH(…xÊN6µ‘º`' (type 'help')
CLI: unknown command 'âv–eÌ' (type 'help')
CLI: unknown command 'I2‚SPk¢L¢ÊkÔ˜bQÍ!ˇÔ1F˘´˝π8”‡B‰s˛$PíL$P¨aª O˜Ù 	o¡∆#§$ëj°àg˝' (type 'help')
CLI: unknown command 'ßíû—+QëÄöÈ≈¡,t—â≠íÑä"µ«lßô jøÍ[o™*ıËü¸y7ÒÒ¶WffGâù¶\˚ÎQ |42«ûˆU∫Ä	¶3 Àümåo˜Ë\ fd'V/ö6‰¥~W%YèÓõQƒfbîµ&aVâ6¯sö¥Î ,4]X{‰Í± †XkÊ∑ò?9ƒ ¯wŒñe(ŒïQõÏñ‹3|Ôc#¶Ã\tŸÈ6Å–[ŒHó. ≈ ·' (type 'help')
CLI: unknown command '‘«íß4QrèÅ:Lu‡˘x˝@Ù“<˚u?>\Í((ôQÌ≥WˇU˜$õf¬∏§?]ú|&˚SïÏTÖ RXGn/¢ RÆµd'…ÇÒ' (type 'help')
CLI: unknown command 'ÀË ¿áM∞˝Ÿè1T˚#úâ¨Ω}Êu:y51¸Ú∞í7læe ≠_îZ•bÓP\®¡‰X¢>YMi„ÔS' (type 'help')
CLI: unknown command 'w œì' (type 'help')
CLI: unknown command '`÷>Ö÷wR|≠Tb·ñaâ «iBCÉª]ÿ“x)€ @äBséÿáha¶UO’µÄ8=¸´‘¸˙˛˝€!Ÿ˜¯GsU˛4WÚP]?û	 ¡Jl}s√(¨ï° º8Væ]õˇwGÇ÷E…' (type 'help')
CLI: unknown command '1ÔŒR&' (type 'help')
CLI: unknown command '—u"+p2vO¯©ô≥ËODXñ}?	`t*zñn¬|±¨B‰?).qﬁ&úe}ºñçiùó5j ÈåQX√”âeëj÷ûBˇœˇK[∆U≥' (type 'help')
CLI: unknown command '3üâ∂…WOô&…0ıÎﬁsdàzÁ@"¡BõRíÊÉ3éµhL‹∫>F8Hﬁ,§¶;{„Ωápá4wbREÚÇÿ?∫Ω7‚_3ƒB(\∂≥KmàFóñÖ|§ »Üc••Fƒ‰ª¬0óÍêA~€yf¥≈xSÂì:{Kéo%®õΩ˜≤ CÒ⁄JΩ£dYmÅåÁ*)Üêe  ö ¯–•%¥W4BjWLœ‰ÀŸuvs}£}Ô¥9Pﬂ®' (type 'help')
CLI: unknown command ')9–øv˝éA≤P'’œ»£Üeπ†üPXxUºq4ú⁄è÷4äqç’nµ¨»…ZÏEÈÁ˘˙⁄’º}¬˝óSIÅPcãíB∑@7Ìæ0E˛¨à¥	Ùú=∆1Lg}SéåÊ∆Fù˛F—πüG¡˘#Í¯†b¸Süjê°™¶õSÛkü{Ωô¶R±ÔzÛéeÚ‘' (type 'help')
CLI: unknown command '%Ÿ´)úñæ»?°,≠ˆï/ëî°µ‹_ìZ≠Y†äYhAQó∞RDﬂ¨øÙ!CŒï%tﬁ yÖÉ©ﬁÙÀ¯~{,®‘ªDµ}œ_∏¶6™ëJ≠—"jœŒqÇ‡MîüX›ÕNc™VöÊ\Î<¢F,_£∂øŒùÔïÂ§5©Ttz3I 1|j;X@“ıï ∏ùã¯gâº√å[ZcΩmd√Â' (type 'help')
CLI: unknown command 'Bí ƒô(éí·*¸∏ÔˇÛ†ÇÓx!+◊Õ≤,bnTÍ‚Ï‡âã(Ô⁄A$7ÅùÀ[k˛’ v( #i‡˙Ó7\O í”Ë‰°+•.vÑN[ﬁE[ãÓÜÖ—¡=ZÔí≤x ™XÑ‘mèÜ2 Ìï‰:%ˇÒE‘(‚»2∂4' (type 'help')
CLI: unknown command '`ê4:0Éo'»Œ~…©‡µd1%‡€o] ”ßÂm»Çl˚ØÌ!èF9˝[OoRV‚I˝:d˙ÃÉ˝}Z+Y.0(œ©©òHCdÆè'Q}bïˇ6¸Ìù§¯ö”‹˚µ˚– ,ıàÜ} ‚ŒÒ ' (type 'help')
CLI: unknown command 'ñŸ›Ò°ï⁄á∞YövÆQ∏Ñ ∫=úÚwaπñ1jìÂt.p‰≠Ç™Üåiú|÷ô∞Û‡E∞‘z8\Ó–VΩ@*bËÙWµCÆ°ú·mŒﬁ;#pG%üôäRnËø÷wîv.∏‘ÛÕÄÁ‰X™≈*®¯ûõ"‘p' (type 'help')
CLI: unknown command '∞~\£j8˘m®ò#ïa˚Ôk€RJ∑rÖôÄH∑ 5ªI(çôüÚ)§©˛v ,tî`ÖM≥' (type 'help')
CLI: unknown command 'F4ˇ_köâA∏•&øò∏÷ó.\Òc˜±¯Æ9N—µ°Ê±ÌçØÿD)Ç˛'<¡êFæ˚ô0PÅ ´ïxÌµ7Ø‚÷ﬂK∫ÌŸ…' (type 'help')
CLI: unknown command '4Z©<ªç;E2X¢èŒrh˙%üœ¡Gy¬¢≈≈çÅÄ˘|Ÿª$î¶+¿¡ÍKÇÙrqf_°‡9€˚˝≠ø:öˆT∑˚' (type 'help')
CLI: unknown command 'Ö3Ãá_•9cøØ$”É∆YÒ•jh$Ω¸w«ë„#Ù§=eﬁ◊Z_Ò¨nÁ%xª∂ŸÏƒi√ÜˇÑåë√È7Ò	˝ÏTQ¨˜®¯åëZô_ÑÔﬁ”‡œn>ÊuõÆ@Åìø»tıÊÍëK”ã¯ﬂ=í>Â{Ê‘Kﬁ¢\ÜˇÇa√ÎN ≥M	;â˛û7tK ›_âÇ¥ÙÏÑ1^QØ—}„  [-¶ˆììÜ6∏ÏU÷%ó 0YÿYËGä-÷lm Ú' (type 'help')
CLI: unknown command '˛dd†Ùﬂ!hñw–wèéFë;eîø3;ø≠"Ho^¿˝´7H‡ãÒEs◊ß≤sW◊ı¡)Bú' (type 'help')
CLI: unknown command 'R'SìÔs∑-äçG)˜∑ö•Ö˘Í<˝˜7|ö≤ÖÃ1ôj”ª‚' (type 'help')
CLI: unknown command 'ÅùZBöBJ7eüæ 1áfo ⁄[(˝˜òËèƒ‡‡‚å∑.N‹≤» ÊâI∑áZ⁄–™¢ ∫ÑÍ≠¿î5g˘∫ÿ=äêU7m¡∫¬á ¢åÆZ)µñ‚ôqÅG€/WÑÌf;yπ' (type 'help')
CLI: unknown command 'Y“˝[ÔM»cj¡Oõ—ÿwO˛áLAª÷-óP˙2{ïi!Öá¡Zk˘¨b©ıQQ(âJ Ωí˘JzÍi{-Ñ2¡‚“Ãä◊ππõ  |X¢°) ˜/sDØ^)_à‡yõìU_' (type 'help')
CLI: unknown command '˘n~ª˜	sÉˆ\zß Å™Õ•F~∫Æ&≤ñ8úüE·wÙ’ÈÇO§X‡i>˝ã£Ω¨Œ’«qctß¸•õAc≤É¸T¥Ô†˙˝âZ–R@≤›?=ªamu|ë>ò˜ÉˇrÏı·î∫oõ°®ÜhÂËE©u ˙3˚◊‡∏ òä∆∂ÿê†ó?o”»“&q`ÁlêS‘√Ï÷s¶Ò5ª˚$M;ãvÙ5ŒˇJK™¯Ã¿≥8“ì®†3lP+? ´' (type 'help')
CLI: unknown command 'ºÍs&—·ùëaõ˘ﬁiañ' (type 'help')
CLI: unknown command '√∂ª‡ÍEv.EÅùÁπ‰Œ”Åä; ™ªÈù≥n/gˇÈ?:$ø<&>±D∑Ù@' (type 'help')
CLI: unknown command '%È,/Œœ	#My« ï˛ht√´ﬂ/á£‹„ØªW)˘â˝„1Â' (type 'help')
CLI: unknown command 'îìQãKΩ)cR#/Ä∑%å¡T*É°≤§gG 8”u∞z9ı‡Ã˝zê«≈óÏ‹Ûg' (type 'help')
CLI: unknown command ': èM ˙≥riT,ÅFA©û–·]&Ø¥Ï#≥∫¬¥MÜ]´U<<∂ÆIÇdõA.ú◊”˝ÍâÓÓFj/ﬁ˘[€ `Ie¢,—˜"ˆ®Éij®i¶«><…m≥¡•X(tAÜCÀ•; 5"˛ı∏Æëïàˇ@¡x‡&òi˜ˇˆ}: Tÿ]T*êèïSQ◊}ó≈dÂÂÃ ï‹“”uéfßÄã' (type 'help')
CLI: unknown command 'wy—zYw"›ï\ö¸ú¢∆w£rÈ}:uÂAóòÆﬁ@6s†ù(Êà?J®‘v7¬Y®∂ò5√6iõ⁄Åëój…FOs÷x#.´√;å»´çK9?±∏ôÈsò¿&<X%‡<Ä⁄:LËV.ê¨ı◊ﬁﬂ?é‡Î∂˚2°WÓ#Ål9–g˚BÔÎË8' (type 'help')
CLI: unknown command '*â∂¸F¯&óÆ+Î#≈<c©—ÙÂR?bÂ‰#<Å' (type 'help')
CLI: unknown command 'éNR˘' (type 'help')
CLI: unknown command 'Ä«ÔªÓ›+Õå¡˘Éöeù‘B˛ê‚óZˆè=8•SÕ	*uı6§r≠∏#‡o⁄7(æFtÌ†°∆l‹T‰(∞¿|c¡ÈlŸ_èÊ1á˛U3¨§π5gufƒ≥ú;U≠  )˘’i‡q' (type 'help')
CLI: unknown command '≠ÉÄ°±à+¨Ö∏ñ3ŸAZZ“¿·'Ûä05”|Æi @î±‡πÕ>œıÊ‘î∆äÍ]¯Âõ‡$ØÁÕoL˘üü4ÿªçV?ôaÆÎ7Q/≈Õh:‚ûiÃKítyÅÉjæYJ¸ÿÙä∂3Fpg5˜IBg\f›c#–XπKÖ?b‹ø%ﬂ∑“+≈Pñõ)(Rˆÿ¢5X¿‘Z∑Ô‡Jy[zûï'wbávŒ' (type 'help')
CLI: unknown command 'm„êM≤ñªÂ=	—Ylê&À√ñ¸£cßPp;1që' (type 'help')
CLI: unknown command 'y^¸-9;~A‹è	πÈƒ∆t ~Z∫jÈÈuäUÙ≈»<eΩ§Å†ÉJvU6√¢í?¨T6Ö(^¯®ªô»¢Eù\∞ØBú¯”R¿◊Ê≈gœÀ.Céıò‘,ıæÈ*=“π˝$=	Br=bàa˙” cò2Í∆?ÜnH0x-Æ®´∆Ü¯º˝M•®Ûfõ ÉîüÜ#0ei⁄¥,¯~ q' (type 'help')
CLI: unknown command '¯H°ÎÒKº[”∫9˝º†´h˛Ω'<jõhíLbØ54kkíyïúo~Z˜]±†»ÓXPõ• ßô±˛N±Y+~4XÙ‚ áuz¸°‚	và÷&º´?±ãK◊E®ç<∑``rÕˇ…∆Ù÷oW—·‚?Æ%˚…œD±¯Æ g®˙‡âÂï`Cé∂-xhO(›ñŸÏB∏Äÿ©N∂Àsb‹è6 µl' (type 'help')
CLI: unknown command '¯qGôõæÑ¶(b# |Mˆ÷»>é˚·"˘oU:-¬ABÙ‰‘b¸ÚGÄ©X ú§Oﬁq]ø‰Öï(E÷ÔöiµT¡b#ä˙6”òJÔΩ◊K˚˙2®»J{z~[}or∆—ØUÿp}.ü |~{ãº≤3hëeP' (type 'help')
CLI: unknown command 'MI|' (type 'help')
CLI: unknown command '},ÓñÍHÔËTå]Å6;' (type 'help')
CLI: unknown command 'DæiÈ'èVƒ’Æp' (type 'help')
CLI: unknown command '!@ç.0∑±G÷†ø∂WŸW@hÍøn—,Œ%§âÄ<|¯ñÉ:õ@' (type 'help')
CLI: unknown command '–œÜ2ÓtÌcãÉ°?h«I `â˙`>VP0◊íuÇ›˝ÊªQ≠Ü|•^W€(RcùUî–ãY…œõ¶÷⁄' (type 'help')
CLI: unknown command 'VtÑ,]¸l5⁄g.‰ÿjh–Òy¿3{ï…KÎ∂Ú]2OÈ°XÂã[óWÖ%∏'Ëo‹u4@9ë“ˇ`¥ÊC–T ô⁄ ™úç]aÖaŒ·e≈æòä˚Á¥(&D“c2¢Y/W' (type 'help')
CLI: unknown command '¬ ”îöqÓQNìîwú‘SïpπSVŸtè2_ô¥¶ß]“¬∆ïÆ Ì¶äB?∑ÁÂ†y”4—iü‹•sGﬂæ˙ﬁ˜W!’—' (type 'help')
CLI: unknown command 'ﬂn≈¡’BÂdp}ª†◊á^»:sÿG£jøTŸWàÏí¶{g…<ã~`:“.ÔÒ‰ÌqbiSL%ÛÎ/e£sÜT©¥!—aXZˇq†øìCGåwÀ◊„Èˇ!e÷Ω/VBÀèâ[,˙p•Ï`π÷$,ñ_a†”W VAÁ≠å∂`ı£UÏwö•©!˝ '' (type 'help')
CLI: unknown command 'ôÂ’≈˙!˜©è=Zû¥{Q1' (type 'help')
CLI: unknown command 'qD∂ô&)RÄ˚µΩØOQ√(·ŒèÛ◊¶®2)¥îWÑ	|ç`‡˝ê_e}öÑu…˝("`éß¸å«›4´T∞sh8ÁæÛ !/Í¬ü„÷wÇsËµ ñ}ÁÚÒ€pAzıUÓ˜Õ¿v)!ÇÁı’:j·)°jü‰ô˝MEHZz—G¬TÅ‘ÒC◊?' (type 'help')
CLI: unknown command '¿π/8—åêçnz' (type 'help')
CLI: unknown command 'Ê0¸X°¶gP¶§∂Ï>åOm…ÔmIä¯¨¯‘¸º’’ñüTØ=Y-ƒï˚ÕÔCàôπd§±L:T≤UVNÔÙ£•∫ØG©˚o…QÅÉ{89(^Q™vÑIÚˇ≈ºÈE™ë8mﬁπZÍl;.t|Ô°' (type 'help')
CLI: unknown command 'o,Éë[cê;É\åªú_¨?PãüczÛÊàÑ¿L¡â^iû∂Ë?˛ç6Ä∏A≠+®í`Ó‹⁄*∂†#«îwÍÏN ˜Z"^)ù˙Í®®®„i1öko0úÎˆy⁄a∂ö7`˜iÊäºêøêˇ⁄à?8Œ3zoÙ˚·D  n+«@PıZ9ªãBÁ ∑#Aπg‚gåü≈$∂Æ#€»ë„YT2kÖÒΩ¥´◊' (type 'help')
CLI: unknown command '·¯' (type 'help')
CLI: unknown command 'ﬁÎ®ï/T°ÿ˝Ø°Ä/Ç≈“‹Ú\JŸk	&˙6 ?ãˇN' (type 'help')
CLI: unknown command 'IÖçÏˇ+;Ö±6ﬂÓ4Ûx◊ ˆj>¿Œ;ìÜﬁs~Ç‡ÒK*¸	fÆqp√•á•' (type 'help')
CLI: unknown command 'DîbÄ"˛_Q∆6ÓCô7Ÿw”ò¥f˜Jæ≠°≈‰nfŸÚ%ÒÓ‘ˆô;úCîG¯ß]OgË®ı°bwì‘&ﬂUß?Cf˜a⁄±Âj<ê‚ì¢∂Ù®;<eZ—í=Ûôk}“ÿΩ»±∆–p˝˛' (type 'help')
CLI: unknown command '[–I~ËVªCHñ±KèÛ€ßõ	tOÛ2ëÔ"¥k>3yœ8cˆù V”—i5ë¢2<bpb`Î˝ã\SUeÚá*∫ô¸o¯Ê‰‹>Î¥zúuŸŸê F¯Ê‹√‡ïúœ†ÂÎ'ê‹' (type 'help')
CLI: unknown command '∑°ë<Qÿ£IÌù§›Ô”;¢+¨#§8Fø¬1]:⁄,ﬁ√0°V' (type 'help')
CLI: unknown command '&ß˙-#e◊ß8F¿#ï"SÖØ∂“ï◊xYßw$9›îQ˚re≠„.èmÉÕØË2yÌj¿ü•/îf‚e ]NÅõú‰ÁJﬂMdˇ•¶èpöÀ√¡ÌQK€ã<î]¯™ﬁ˛' (type 'help')
CLI: unknown command 'Ÿp8îên%#∑ªÃÌ' (type 'help')
CLI: unknown command 'ß√µ”O<ÁËñ«g2Ï;%ü'˘üs(˙¡‚£6ô^*›Èí§Ól‹KúL"ú¿»Iã'‰P1a‚Ö5‚^o«g∂P	∞&BAd§îBñ0D¢œí2Ônm™]ÖÇÑ∞f…Ÿ¬“Â«€'Gö∞f„§xπ'¢≥®yKW≈Ëm⁄kb◊' (type 'help')
CLI: unknown command '“”ﬂ&~LŸºËFë–nÀìµÁ=k cñ”à˚˜±úÕgÊ«5<ÖÁç¢?IÖ‘'§' (type 'help')
CLI: unknown command 'A V`´ùn :mﬂ@IÃ`\?;2ﬂ»Æqè*tÙ∞í≤à∞b‚Ë_Î∫KXeæ4{Pù|â`x¸ÖÊñôåÉqZÅ8 ¯ëjbAM}ÒåÉ¡û\±5$' (type 'help')
CLI: unknown command '„Çrî¶2T¸t,ﬁrjÌNBÍ?W@‚]«'˛\'ZH+∞â¯ö˛I_' (type 'help')
CLI: unknown command 'eﬂâ2Ab±AÂ}0ıùR∆Œ Ã˘Øq¬)–	z¥‘◊SÃìD\<Ö4w±÷∆«9˝ánœ]i∑©u<éB $ë˜#à∑≤I,i}„ªÌÎZÒ “' (type 'help')
CLI: unknown command '0˜≠©™Srüø\–ê@}~ ¯Õ “ázäjMãzâ2&¸ä}:ÜÔ “à8‚À_üπlÉ•ÃπÏ°'x@◊ˆ	∫úΩqò:°¨p¿π?RüO#ÃÓ‡¨-X±˛õ¨¡,îœÚ1l~-˘–ÖLü˛Í≈q,5Ï,(µ∞q@_≈˜qî*mïÍ√[≠®Z˘$:ê£ì˙:πÄ√¬Ãö´gÛp&(ÊÓŒ9ïÒ…◊«kvPiÔ*ﬁåÒÊÜ≠' (type 'help')
CLI: unknown command 'ªˇ—4àPƒµ[∑TÜø≠y`+ºWÂPp«y ˚-ï˝Èa=û˜ï8Ù†ˆ˛woí7H+ö;U‡ÏIeT]'b‹ì∑*ÌŒ˘ ◊LX™bﬂ'¿ín}ˆ√ŒtI’∫Bñ(Ç"ˆ”†%çÔµ¢¥∫ñïÓ{KtÁ^dBº_ˇÒ£Q2ˆÃíá˘JYúÁñ¨L.ì7ÁaEÏvªIVı⁄ìyïı≠=pÀé˘>û?4ÓÍ≤™ÊŸ8' (type 'help')
CLI: unknown command 'G 8Ó•ws≈Íø«"m@ê4R¥qp E=∂ÀËå|.Aıüä`‡L‡:4øÃ√ﬁúYY∏X˜Úwi{	BÔ)%‚∆Û#+∂up'•¡õæéﬂß4$«ï€¸ù æ' (type 'help')
CLI: unknown command ']¶∆z…¿b’kã)„EÙrÇàËΩE$—~À`Ëeˆj$§àˇ†yß Dú‘&[‡Á©Êõæa≠∆≥€„—Á√°≈ÀAñÈ∂öEç' (type 'help')
CLI: unknown command 'íNg™.=ëd|îõ›«[˛Ëº°≠≈a„4ØB4le¿hma.Ô∞¢X' (type 'help')
CLI: unknown command ' Ÿá—∞‹4Zƒ[Æª»”∂†º∆·∑˜(êﬁ3¯4ÂcH‚>kN;“%Ä°-+åNcmëÉQÁÉ‹ô◊<ù§PC*"i/¬JSÕÌÊ,µñpóæ€8˜‹I÷Í6ÏÑ£ÉøôŸ“Íˆdh≤’J|ñ›”7á>r¬g◊˜œ7∏¶ÔO5wË°	Ñ⁄zı]ÊD¨©\˛' (type 'help')
CLI: unknown command '¿6vjƒÆk·≠¢L'çk˘¢<L+"|”¸√˝P#ﬂˇÏÏ™DPüD[ØôV˜ƒy€ŒÓ∆q”2ÂZ®«£I+¸-∞†~$Ã>' (type 'help')
CLI: unknown command '1=iÄ[©Êê˘ 0`' (type 'help')
CLI: unknown command 'ÀRÔ••Fﬂ@´R¸' (type 'help')
CLI: unknown command '™O“y˜ˇ„_ÿ«ÊÊáÉëõû´Éª8…‹guÙNÑjÜr°{;Ò(6L{X¯gU‘…j:Ïfá“†)‚`YôHì_§›Üi’ ØÌ*>; S£-?Ü‚jÿÈÂœûdÉ≠5¶¢œ∂?“x¸' (type 'help')
CLI: unknown command '…K’ j˙f·´ˇ!´Œî' (type 'help')
CLI: unknown command 'ÿß≥ÚôNòj<≤€ıP˛˚A∑J'ãçÀ2…œ §fUqºﬂ¥#˜¯PÃ(‘ƒ`r´v-oDö≠"˜BkÃT¸/9⁄ﬁ—V&∆¿Nu·¢F∆∞5-Ú`œ0}ˆv4m;2-ÕÓŒ¢ÄMÙ®5T' (type 'help')
CLI: unknown command 'w¥˝ÌônÆÏ1—vó3gµñÀM!ÎK¡K„«ùpÄÍ˜2F~±¸2%/)5µÊæ{„≤Æ”eﬂÅqT∂ÛÅR¥Ow©óıO⁄zVµ–≈ˇ˛ÖZ≠ÌLΩÄÀû’ã^Ù˙ﬂ⁄Ç¶[˘éÓÿÉÔã˚ƒ›•©‰±∞ó´ñ∏kíWú;¿5S^·£é¢uÊ!˚/!˘äj—˛eÿ=+Æ]¢òì^˚∑‹ê.$qwNUÉŸÿªÖî' (type 'help')
CLI: unknown command 'Ì£ÓYnq±–órÙ!Kó0<Ç∞Ê¸∑rÜ¥∞Nƒ<÷≤åNªòœ=/íçÎúH=úƒrÁ …Bi3ﬁe>‡,0£ﬁ¨‘]¢x”ô %¶§E”m∫\±+ãñﬂâ=2m∆Ëﬂç≠r«S±Ë3"‚Ù<Âπ—"-Ôáu?€;2qÄÀ^AâT~™OıÜ⁄	rÿÀÂYÙC“É™m' (type 'help')
CLI: unknown command '˙IUﬂA¬ß‚Ÿ *nªÇªëÉl¸¨<mvÜ_»Ê;{ü6aP≥xê◊Hpsh\˚è7ˆÒ£Ëı›üˇIËBË≠ûˆâΩAi¡M`ö=lü1ÁŸ¨0õŒq˝hºe∆¡>œ*‚‡)i{ﬁ{7~Ô‡oUø¿AhZﬁ¸kE£Ø#yÈ§˛õÉjÕãhêYÑ' (type 'help')
CLI: unknown command 'ˇ`·˛Ùpâ	«€DÄ‡G∫mt∏ ¿zy$hU|;B”∫ÿ¿ÂJPÚ»kE' (type 'help')
CLI: unknown command '˚·ˆ⁄J(˜Tï»jÄÚ´@©q!lr√ép¬ªΩº≤Ï⁄®D∞F≤^{öúı}•î¶‹⁄„_À*ãÑ®©-–xí{≈|C~4ñSkÛ¬“∏ré¢ß¬r∏·ärpªOZÜC>Æ,¶_ãä˙”º§9ÂùåŒg~˛ÓcîÇèˆà.ukZ◊˜Œ	ÉAÚ¨‚˚ï;àoúŸß¢´∫m?éÚ5M±ï®d·√á"ÁÂﬁΩ,+EáIÖG˜é€ˆŸ]V' (type 'help')
CLI: unknown command 'ø∏à˚÷ù‘AÎì®I' (type 'help')
CLI: unknown command 'MÁ∂®X_’⁄áßaN—äzÿ;ãﬂDlâ„œ˛' vôËÌÒ¿ê}h~3]MôñÌàúœ’«3%Ä$IñÔ◊‚ËŸ≠~Qp)IáàxÓòœii!_îÜÚ •^W¿¯å~)ÕbÁ™ò™' (type 'help')
CLI: unknown command 'Ó´ˆø˝IWÀËHÓ?ÜxÇØ1= V"KÃ∫WM¡y·UJã¸Ù¢I„',`˜˜U%ﬁJ–›ÍDó' (type 'help')
CLI: unknown command '[≥hÒ' (type 'help')
CLI: unknown command 'Ä§2A5\ÅL=ÖÁﬁ1î2DD}y≤£dº˘–9Ä…Ä.ªDÄ0√å◊€fjO´ëü“6¡p∆ŸNcR' (type 'help')
CLI: unknown command 'åÛzù7iÑÿ ˇÕKUâpVÔŒn’aﬂRúH”7ÁØe\öeˇZ›¢ÎRf˜(ÛU!7˘Œª∆AøQ<[5JœµOì_Mn4 i˝Êﬁe?˚[Ê«' (type 'help')
CLI: unknown command '‹ËüÅÉï'ú€æó:º#C@còK£' (type 'help')
CLI: unknown command ' m=rgÀÃª±CaÔ.û$ÿÓƒ¶1k®’∆Œƒâ•˛O€SJØƒI	J˜J»{;Rî¢)∫lß∞w∏<÷∏ı°¿ß·7´Å„`¢ÇﬂsâI˛ˆ†	ﬂfË<›GFˇh∆bjLñ7Mvr∞wˆ∂é∑d<-ß' (type 'help')
CLI: unknown command 'ê,'=b∂•bA«ü†Q0„A∏òi§π0«¿Nóø‘-¬Èè#PíÛÊëó<MDˆÅD#%} …ÂjDè›8ﬁa$DÅÉï≠ï¸≈I„\[ä«”]òEËëIÕZüwÛØtx&Ñ6“Ñ¨‰nú7jê’»J¢’' (type 'help')
CLI: unknown command 'Ë˝‹åHÇ&⁄)€√≤÷føﬁ–T…c{í|ú¸z7ü^k3∫ñiœ@b∞U)jH-5Ó∆ôÛÍT#ÿ˜ô9p*9Ÿ"ÉeF©≥µ„îŸï√MQÖ;∫≠õ5¢e∆E—Nÿ}˙ A' (type 'help')
CLI: unknown command '≥—ÿ¢,*:π¥ÂèB—T¬Íp–3‹ ØSØh˘Y™®X fD¡∞•—JŸ$ò!&Jœ§‰r:\’≠nÍÓõŒ∏ìﬁÑS' (type 'help')
CLI: unknown command '?UV}ÍtÆ •„2◊Ø|WPœ°Ü%' (type 'help')
CLI: unknown command 'ˇPìåÿçZ|Ü´∏ÂÛI∫C-ÿLfãƒ≈Ø"åh˙z◊ªmtˆ.∏˘d¬;Ç0w^êƒ)…yl=©ıÃê“WF6=R√F∂W®çÔxß=óÚ∫Ì_ˆ)ŸP_œò∫îP°c‹©£ÎÚŸZ®RFÏ˙pß6A£KZüÛ∏˚“◊πo«ù)_ìjâ(q2/Î◊[ƒ1' (type 'help')
CLI: unknown command '5dÅZcŸ–†$…Ò⁄0®îq√4ò“o\l˝‡DàªDfmœíU8_p∑èj-§ÂT«Äy˚!HT…üH°^LO rNÕ:≠RìZ¨‚ß}≠]≈ÓÎ™£<…´˜±q9Á∫4( ' (type 'help')
CLI: unknown command 'Õµˆ≥ÄèølQ◊’&Œœ' (type 'help')
CLI: unknown command '—ÚäSW˘ø÷Ù0®£1π¨PÒJsØJ“1˛ˇZ˜ëk$wå~«N!)a‘j<ÜºïEÏƒ”Oö¢ﬁﬂG®mæõ˚ÿ⁄Kì∆7ákıà}Ü~®·æÿq–' (type 'help')
CLI: unknown command '_Wá…jìEUdçG»åKΩfqK°äãTKHDµYçl˚i˙]¥˛7?+!`tÉ	ÂÑX‹ÀÒ' (type 'help')
CLI: unknown command ' D4≥d¥·ﬂS¿∏«Ÿ“ ^í)3Àå	Å5º' (type 'help')
CLI: unknown command '´≠∑Ùs?øó˝‰äRÑ9e˘¿ !ﬂ˘et6C¿Û¥B∫uC∏Î¬Q	#∑ß ™í“®ÜÅ+“∫ÿorëÑ£Ç´í=í.' (type 'help')
CLI: unknown command 'bÈ4†[Â$ €:]˘Õ”P√'Zﬁ≠$“«wÈœmı'jX`Ú}l®a=Qî.H∆9úTÜÕ›mØ#äR”=˝ÙÄÜ·¸ògçŒûJK83’õâ´†∫]=FÖúòYM˛7UR`r™ø7*j©÷Ø√Ñò?‹œ÷W±–a dt√nbx÷M_ •Ñ‘Kñ$Ñ¬Ê¸g,ÿx‘§à' (type 'help')
CLI: unknown command 'Ìïìè†s¨úÁEË™1´OŸf‘Zâ,¥∆sÏÖ=dÚ≤›Zà≤ø>UπdW≤07ÿ'·C$yëÅÇDiñ PRÿN≈]Z∞2÷o¡k8' (type 'help')
CLI: unknown command '^˛¸ìuP˘ã-†'¥Óã"¸≈‡à¸a' (type 'help')
CLI: unknown command 'm5”ç€wòÊ≥m¨HIã$t©û %µ2».&e—ô˙›ûµQ>§ÙUXwﬁ"Üd‘jÍ˛SI·rêWUq~¢ Å._€˘]√S_<¢¬≠aºÖ`ß' (type 'help')
CLI: unknown command 'µÎ+√`p„SÕWd‡xìGüs(ﬂ‹˙Kjfê"±. "ËUÊH3æ‹Ne_&P⁄Wöb¸‚‹≤cQ»Å‹' (type 'help')
CLI: unknown command '9˜˛õvWîã¸ÍFÎ' (type 'help')
CLI: unknown command '.s∑‰÷Ω≈∆≈>qm´r±' (type 'help')
CLI: unknown command 'À*œd¸ëOÇ∏¢Y9ÕéAá"I!t∞fúi”s „˝^3∫Àõ´'÷ ÉJàDœ7{}˜©Õ^’yÊ€ˆ‡J;–˝Ãç©XˇÕÄZtº‚Ô≥ﬁΩéè⁄∑vÊ… Ím¬9.4UÔÃ˜BTå Üóó¯CÔi‹◊›Q' (type 'help')
CLI: unknown command '±H§0W†âù' (type 'help')
CLI: unknown command '—/' (type 'help')
CLI: unknown command '¡G!b~πoÿ^±ç’Kéò˜£V∞uu¥œˇ1RGÊ©hõz<(rπ9˝í0÷ÚüI' (type 'help')
CLI: unknown command '˜Y6ë	-5˛lP~NÖ5+±c∞ô{{0/ú˚ú0dƒÁ ˜lyE·⁄˛ªÃ=6è|ΩË¸!c‹Ó=-RÎ∞	¸ê;Ì⁄tôƒ€ªd†ÿ∂<≠ùI◊^ÌSvˆºI˝1>ΩN' (type 'help')
CLI: unknown command '˜S–∑≤†;k:”ö“ÎrªcV˛{˛V±øjÉÖK4aıUXZÖ◊°qß–≥àG~lH|¡†ê/b∑ÊgﬁCßö◊F·l"~du¥˝G¥j4ﬂ…Pê8ès X&íDŒ>K∆y{Î' (type 'help')
CLI: unknown command 'Y@NŒ_á]¨¡ WòùÓoN2 Î¿î¡b' (type 'help')
CLI: unknown command 'a9o(”›t]ç§»©LiKo∏l,≠uû‡S,µÒ' (type 'help')
CLI: unknown command '8K!0Dí"ÃÂPDÖ;ÕEYá<ne™H∞~B©†`,ú»—XÓòëèπˇ¡«√—•~^ïàµe#¡[œ’¸‡Mxªä≥' (type 'help')
CLI: unknown command '%®Å)ÿIÓr¨ÅúOäŸWØ}|¡ƒ\!_Æõg&y≈˜1rVi£‚˙qıMÊô.Çﬂ9 ËN≈*†6±Ôdﬁ6`»{µ≥BŒW¨&√j®˜L¬Ì%NZ≤ey0]õÌZ¸Ï ‚¬Ûîi~,ˇrù' (type 'help')
CLI: unknown command 'Õ¥äÛ' (type 'help')
CLI: unknown command '2ÿ,+ èH™C+ŒEÕﬂ∑Ï-⁄ƒÚos¶c' (type 'help')
CLI: unknown command ')]Ã¨9¿û•∫îÛ†!û< É¸Ós˝+!€ŒÉˇ:™õ{¬Œr√ÂÿOuScìT38`F∑–EAfÃ.nê2˛†∑ÆX6˙¸)^ OõV°Vãë◊l7:ã´≤£SÁê' (type 'help')
CLI: unknown command '¯S4–l)`ÙŒFö_œ‡tz“¯è‘ê\õ®•b∏’VgùÁ' (type 'help')
CLI: unknown command 'kÚ‚@∏ °∏r}Ú√bêDs˙[Wæ–' (type 'help')
CLI: unknown command 'Û™R˘v8˘8wº' (type 'help')
CLI: unknown command 'ÄQézq>Lä6˙º|ùy!=hÖœê#≥FA¨E·]Úøu'{=∏≈ßÇgºµ–%!ày$ã)8Ü ?ÄYCîPö®ì QM¢.[5A8≤B˙ô˝zöÛ∫|UÅ,á@¨y˜ 7æﬂ«?iy:‹„‹+GzÚÒ¬ùﬁ»¸ê¢ÅÊwqÂïPe›òÖâLö¢cWñèŸKŸ©û[¿' (type 'help')
CLI: unknown command '¢∆x∑ÛE√˝G/¥◊ˇ}áŸVÜuˇöƒIRXµL€Nd' (type 'help')
CLI: unknown command '†ŒÁW˚Œ¥ãDıÜùŸõ(˘óπÍ∏ûyMô’à`±/2Á·´+@-¨F' (type 'help')
CLI: unknown command 'E!ÌÇj›Ÿ·[¶êÖB*¡D@RÓ7àv.6ñpP[^›•.í`{¨Ëe∏A¸^(˝ Ïí*söà' (type 'help')
CLI: unknown command '”Áü§?È›f%◊h@ÑXßÂ-8ΩaŒc› -S˜a¿Ù_™”&6böÖ¥ü%‹Ê⁄]•léja#≠—πP˘†ªp' (type 'help')
CLI: unknown command 'CΩq•Üæv7Ÿ≥´SÑT-ﬁ±Pe∏ÚÆ=¿üLb∞cÂçIéÈ\ä2ˆô¢√<ã$?w¬è¬6:»ãJèµNm•w $ûHs¿´ÕXíŒ±¡‡aôïYÛë∫J_' (type 'help')
CLI: unknown command ')¨ã˘”wâBQó#ÉÿÒ=X' (type 'help')
CLI: unknown command '˜a≤Ÿ◊zÛ5◊πà1πÛç÷!ƒÌ«¸°â∞á´~I÷S~t‘7ëœ0èÈ~ÏN«≤úÏñ¿'åÓ/æ•∑l–ìF‹âœ»èØàVÙf‹ˇ!9Â»üZÅöÈáÖ‹à[ØyHV‡⁄ÑY}ΩËh·8ˇ_Õƒ®’∆ÈÙP<8ÎX¡F˙x3÷‚éﬁ(7O‰é/ôÓ˙)Ê≠Ìõ‹ÔIä' (type 'help')
CLI: unknown command '˛'_ŒsPM≈ﬂ≤¢è~ıïêøÚÖu-Üô HSç⁄' (type 'help')
CLI: unknown command '6j√R)í∏Ì{]A°†Ú⁄¨:˜,[ˆ1©Ÿ·÷.AùtLß° —7√æÕIimùnYÒ±gﬁÅ %tòØu±‹Àduô≤PVô*ÕØΩÏ˙—-—ÊyôŸÒIî1i{ò0ñbıo≤ÆπIö' (type 'help')
CLI: unknown command '~GIGlßÑá T¢„Q_ ∂¨¶XÀ+U~˜AG¬ª≠T‹Q©≤˘¡÷⁄ﬂ≠' (type 'help')
CLI: unknown command '7àËxSN»ApògÃA®yBEHÁÈmh|°l>' (type 'help')
CLI: unknown command 'Q9Ü^:≈?' (type 'help')
CLI: unknown command '+‹¥Å£ÄØ≈P¨˜sòˇcÊ˘Óy≤9	≤Lıiùc∑∫ªÓ	◊§‡`Xz(ç∆ÂUÎ≥_Ω>ódm0p#…ZÏXkr.‚ÀDM£bõŒô´Iw)µ,≥‰Ñ”ÒÉÖ(C≠≤]»ø»I˝âóô r£µ9â£IÅ¯πG†ÕÂ‡h¬aX/D«ö¯h˝X˚\óîÏ\ˆ'™QZê‹™ë£4q!s'P+$¸ FWùÆIÏ«SXY„∑¯Áß«óxeÀOë·]áÂ)' (type 'help')
CLI: unknown command '˝√¬Ôˇ>u‚I…⁄§3˝åz1d∆KßxËàG["Vy≥i' (type 'help')
CLI: unknown command '© ef›Ö@jN≤}@¿´°¸P°´¬¸t•˜ üfw,¡çIßÕn"Ú±)e ¡nçäˇ-c_‹¸É\∑ëÄΩ˝≠;†m›Wälﬂ™≈‡$⁄◊{WGá≈¯t?’.ﬂ´çtÕ‚íÒîì}+ÍV–`—ˇ]Û©OÆ’6> Ü}˛' (type 'help')
CLI: unknown command '‘‹â´Ü‘w^R£ØÔHòhm*Òvn±·Üıœ≤u´Ú^Ópß†”Öc„v0J|ñUìÕ' (type 'help')
CLI: unknown command 'z√Ú•`à¸0—¿oÅ∫®©‹¥ﬂKˆ≤Ø>©îqJk¶' (type 'help')
CLI: unknown command '^¨5U»ÓÊ	∞9ÔX˘¡˜•èõ%I…ﬂædSÕ‘…∞7:“$∂r,‹ªÔ≥FÚîÉ(¥∏Lﬁë£M*UéZ∫ì√±,O â@^‘§◊äﬁÑx•Ë3ß£2≈˘F<˝¢z' (type 'help')
CLI: unknown command '∆D°ı˝£#yGbwUYÚdRjy;H£˜á.∫'æ¶YiõÏπı∏fﬁ]6¿âÜªDöh8éa"m|£›‘0ÑD}¡J´}5∫6¬asYØ™Wp?êÏ}ùÌ0„ΩngU®á,˝Û~K\Ú(QÔ∞uﬂñú¨¬≥v¬Aú=ê∂èrry´ùôÕ:∆[' (type 'help')
CLI: unknown command '9X-›tÎ”xnJã≠¿±…ÒØ?˙$_6˜€√ÁBÀttƒ\WŸl¶A	hÉ¥˝OêÜß4√≤dªç∏Ÿ∂aÀ¸âÌ∏ñL¨•¨ÿÿñÒ-ÚBm!j¶ sù5ÄÁÅàÜz¶∑I/pW©¶£(as§˝"¨˙ç' (type 'help')
CLI: unknown command 'öYQÂ5ìrÕmãÄNwÄJª|M⁄p¢&∑7fÔ•¡ßÛäU•»7I¢πmbJF’ˇi≠?P≠}GJ+ÏΩY£È¡“Ç∞.´ü¡' (type 'help')
CLI: unknown command 'ımÅr“ìXtW|OQÕNﬂ*YH»”n' (type 'help')
CLI: unknown command '£mázT ä⁄vLÀ∞§ΩÎ[Ωˇ™Y}$ 'Ñ}§µâ«MÅ8jkö4‘ﬁ‹∆Ôæ¬VvÈ&F£åÉV˙qÂ˚ŒŒV˙€¥˝†(â◊2™Ã¸ìö•‘ ˝ä√†E ·ëãñùò≤Æ/n‡L˙ﬁ%¿c¯\>U s·√Ç#ZÏ#f\µÓ±-ób"õø†"wÇØ˚ﬁ|(Ø´π‘¸€Ov”YÒÃsçƒ¥+Ó Ÿﬁes-8Ò]' (type 'help')
CLI: unknown command 'Lzî‡]1·òœqÆ=yP%¿d\nÓaêµG {”O‰ﬁâ–mˆ¶´œ(Ï™ùﬂÓØE…a§Ø7=n„˚*»C^UÜÃ∂j˜züÂÅlö' (type 'help')
CLI: unknown command 'sKSè˙' (type 'help')
CLI: unknown command 'ÆR:õ∫Ôƒ' (type 'help')
CLI: unknown command 'œ¶‡bf–>giÆ%be29óóË_£˜YÕ'ûá±' (type 'help')
CLI: unknown command 'áËS\i+≤⁄@EÖù§,=ıÇ*‹SDRÈóπ˚îµëﬂ>g¯z$…êoƒÀÕ¬z¥_y<´ruy>lÖ4≈∂#⁄¥1fDyÔ€' (type 'help')
CLI: unknown command '%=‹`!+œÕ∑á%√$e§õl1Ç9eÖRDtø¢Q`h,÷' (type 'help')
CLI: unknown command '^Ø]«™;≈—yÌú◊πf≈SW∞§ ŒeÉW§Ÿ†˛è©©üîîxînÚ' (type 'help')
CLI: unknown command '˘y"é[ÑV¢iº]‘íjÜˇ´u¿Kç∫`π≈c[Ô¿kIR˜r’˘⁄	ù…yÕéTøú¶ná|ÉµÖÅ¶¯Ïhüım' (type 'help')
CLI: unknown command 'oø¶¬ˆ‡†{°fA$¥R/Õ√lMº9|x3?Áh¸xaÁÒñ@MÊ9‘U¨mÕ+≤™}§1%˘¬˘"ßj=:˘àf˝…—W“A«√«dP:3,NÈcm@Ωùî®˘›ÎN—Ä\âJ'l˚‹ã¬ìD&∫‘' (type 'help')
CLI: unknown command '`ı˘“≤'V.Ä>MzÆM2¨Èú?“‚_+‡wJ∂ES∏Ôæâ? 1Œµñ¨&bå«Âıˇâ˘!”˚åäAzh|œaﬁ' (type 'help')
CLI: unknown command 'ÜPZƒΩ˜Ht+ró…Ö‘Lf˚eè◊kV)kôΩä≥s	√\î≤Ùbk;ªıº“‡A]É0/ÇeÓ°N3#N˜o&˚mó»' (type 'help')
CLI: unknown command 'ûπ¯éßz[ˆ&F?©Ñlh+XÌcGVØ$“Bì€ÕB0Ã6Èug\íÄ4ÃAñoy ŸGµ™Ëwk' (type 'help')
CLI: unknown command '¬¯`ó÷◊˝V˜èOÆ.©ôêû^AK·t{XËqı†åÿsXgO‰~SÅ\Uóvìz~h)ËQF»z˙˘üç*Ä∂ ÷·NEA≥Ω).4»1÷áC?5àS,õπ∏6¡⁄)ëeéö'±‹”-∞¡áÂ"ãÚyeﬂ—Ì'Y/úC‰®õ¿wÑ◊‘	mu+s`A(~_Ö§‚A•Ã†;·‡sõâ'æ>¥;Nˆœcµ'¯' (type 'help')
CLI: unknown command '÷[∞^"≠‰«ÀK/Ç¬Q5]Fx…—à÷†fæ}.¬ÅKLN.E‰#.°§¥I”û·1F’û,ÛÑÔïqRé4Ü)˛~U˝]m∫mªÙ≈Äæ…Ωí¸¯\ïQ≠ ·rÈﬂˆpFY7˝©Ù¬Ö¬@8+ﬂ™/-cE€Ê' (type 'help')
CLI: unknown command '~r∂”≤]Ù ¶¯»˛3oa¢ˇ±ãVNÓæDÈG3√†$„ÚÔ§‡˚ m~©Ø2@ïkä‰¿°QÄàûiÓB' (type 'help')
CLI: unknown command 'Ω◊‚´' (type 'help')
CLI: unknown command 'wƒC<†éU5∏µjí}=Â√4.É8°àx—i†ÔÓ ¨∆¥‘kxÅp∆‚FØå3ø%' (type 'help')
CLI: unknown command '@‹›ÿô›ŒÃ[?Œ√ZÕÿÜ≈¯·Äø qœ¿ƒÊ˛?´IëFU¡-◊Nu«Ü' (type 'help')
CLI: unknown command 'éÂ@ÎÇar!¬ ¬0.´ïÄ —™‹8≤ÊàõYûmπº	è1eÏ÷˘MÚ@g’·ØEÆñÍòQã˜[—˚îÿø†zﬁs≥≥Ω¸·#õè˛≈à¢zµR÷óÒòVﬁ†Ü5ãiëö∑Á îç(H¡ŒN7¿Vô' (type 'help')
CLI: unknown command 'M…RCAµ⁄îzﬂ÷ñ≤¶é'ÁìpiwóEßE}4+ü#à—›g0Z…·	Ä¡VﬁÕùÁ++Q§:QAxd∑ÖT∞%~(Yk|¨Á$°WØÁ◊Àp6ÚBwÎ€%∂VÛi–w∑äıy¿c‰)?å{…7Û˛kïw¿Lˆª[iˇB' (type 'help')
CLI: unknown command '{3\gΩäƒGrΩâ)aü˘Ω∫Ì•LƒÕ“1⁄ö8-ÏëíÅùƒ¿Ç ŒÃËî|)Ê1J∫˝'ììè' (type 'help')
CLI: unknown command 'ÜÇ5K⁄L—8A∂bùIöPÙ’0Ÿ$±ÙäU»¶h1SÜ6‘e´÷Ñ+o!~SZ·˙ù£ï<úÈJ¥ÒÔ^zÊÂYÌüÑ9Cˇ_ŸF}Wb N√∂§4zN∞:7Œ#—0¨ŒÊàY¥næ¬◊[2≠;ZE∫mÀÎÂ®ú+6ü3ªIì@· ‚eÂk√öÙMY' (type 'help')
CLI: unknown command '[iNniê’]A/FÓ»¬1'ı|≈\Ì≈Óãe;ÓeuîEâ§∆)˛∂œZ´£D–' (type 'help')
CLI: unknown command 'ß”üï≠nÚÂÁV∫Ï∆∫K-Y‡Ö∞‹q;µÒéR'™™´—N¡R◊Z—<I<ps”ÌÅ4ò{z~@M®€å•b+JäLú‰t˜âgùÈcvfª˘^◊Õ ˘|˛r˙˘õ¬üx2åÌ# íÛ¨◊}¸]«≈P±ñs'Öë2‰¡Äk†5ù$'„ß.£¯‚4úù˙Ûªé©+PlTô—ø'¶bü7R£NÉ‹/YTø‚Œí˚E˛U¡á' (type 'help')
CLI: unknown command 'tãz;-Êüv°H[∞EVL∆∑gøŒ§É—oÒh% éÊ\]|w–≠†Rõs®úYÑ∞a´|£@ÅœbË°¶FªV•zTËvç£˙5„E∞‰q;Æ∏6NJ≈≥' (type 'help')
CLI: unknown command '†ÁÎîòm:¯ªB$9>Ï;}ˇƒA´í“Ùç.â†#íHk¿6' (type 'help')
CLI: unknown command 'N®•üAI tf±*íg(eÎø∂¶BRd,+‡/·`›pw“F„ﬁ≥xès7¿g¯±ØGﬂ8≈›p»ó˙6πñ5{aÂ[≤˘¬Ò •¶Á–7œ‡ós3¶◊"nj+8’D∞‹ƒ{~Hs;NÆ7[)fº/ÿï√Ú˜ G àOH‡Á?oaKÔ£DIﬂ˚iõO2q∆•RÁ‘ﬂ\"ñkˇñ' (type 'help')
CLI: unknown command '—Q,0Å¯{Ë˙5ï&@¿∆ 6/Â`\’ÿz»ùgêj[vajë0í’»`7Õ;§Sôµo7x·fF>ÂX‡”AÆH¢“Ëá›ÆàUŸ6z≈Q0Úzg“—zÃÏWÙD3?' (type 'help')
CLI: unknown command 'ûﬂºhjPÀ˚á≥3Çxe-Œ‚]fºô ´' (type 'help')
CLI: unknown command 'ND4´'Ωçj4v∞ycÅ}B«ÉPi¶v¶:ôoÃß—I\%T¸°ØO-âì¥a… Ÿhé¸WîÑMl˚ñ†BöU{úµÌhKÆÌÏ¢§B$nMÍ+Úg -÷G°xWâP7ñé√Ô=∏-¶)Œ€çn‰æ˛‘t∑àêpæfD¿≥ƒëJ^ù0ÍﬁVöP§sç6T=z≥CŸ2^ü<l?¯ xøJÜ÷∫g' (type 'help')
CLI: unknown command '+6;]“”Ü}ˇXhi+RΩ∫*∫≈6ˇ‚¢W"ílpM_u`úOcwıè¶/ûOúi t>¿≥ÑT+wœ≥]¬ãîWXÒÀÌû!å§§˚Iµ1KlÒ9À/ùË,XF≥W∆ﬁ‘Ä¿e¶cY2 Íw≤◊Ì äbCËÊÅ[-œ”kf\w≈€k´¿ø≤Y…Åófy∆R!ïDŸy◊R{n:HRET6%”ﬁ‹]›ÿ˚\º‡ëaX}')B∆' (type 'help')
CLI: unknown command 'œªã´–¨qç˜9e73‘PÌ1àè≥dµÙaØ{ö"E_EwC`Ì—®Xh‡©⁄WS¯ƒìˇ¬î	à¶;Ï9•Äéà›ÜÑâ_ï»&H…Ã]“∏qÊ.x¬.Øå^ï£ﬁ›Ÿ'{' (type 'help')
CLI: unknown command 'Mˇ ìUökÈP9œ(êÊ+ER ñ%®´k+Ò˚R¿‰±ÿO!`¬àICò‘™«™!d"1ÊZ´ﬁÌT$∑$:~Ó6Q≤è)∂áµÀüàµá$—uhTì€¯!˙(2ã)@cÁ~îzº‰„oÆ˛å*ÃÅ¸˛/⁄k˘l¡PW Hô„Æ Ò˛√{˘[?)◊Ü9y#Í%ø¬' (type 'help')
CLI: unknown command '÷ÿ<‹Çç}æ!¢—6åú—Î%y◊ÚsñA£Êc~ö XÿˇRÁ∫√Á£]»e\ÿƒá-çÌ.’∞¯]6åÖ[“åÛö˘' (type 'help')
CLI: unknown command '«N tÅ1RÃC»â“á-"Aî‘{	¥I.v˙A$€Lhkà¨' (type 'help')
CLI: unknown command '/Å -síT±\h™ºbW®\îç _5˛v¨€8}∏™nƒÉI˘ì' (type 'help')
CLI: unknown command 'ÍﬁÇ‘ﬂv˝t k' (type 'help')
CLI: unknown command '‡j&XŸt–¨›LïLwY†¨πÃUEıÛ»¥k ˝´k/{Ä⁄Ÿ‹Ôù¿õT∏π BéÙìµRˆyÎH° #'»w*ÀÒy1rCLXLCÈËYGE6_)ù?ß· CvOgdvÚ˝˛å{zÒÄ"2[ÕDû' (type 'help')
CLI: unknown command 'Fg~Ke ’ WGœB–8IBÔ!-ñåÔ˘ŸÆóÁëAÚöèg◊∞e‡O√ﬂß¶ZÃ\ qµäÆïM≠ÉŒ¶ÒÂ?(∫ÊéAÁ_' (type 'help')
CLI: unknown command '’»rë% Ÿ°=î…üèÑÓõÍÓµ8ÙÜÎª˝S%a!' (type 'help')
CLI: unknown command '‡BãˇﬂÅ˝±œ∏ı°.nxq{ã÷»uè<¯ó|4 Ω’ªÂ‚ΩàFçÎ¸Oó…Riﬁ…„e]/„Ò4ÉF·D\j'é?I#2\9π{˚XlﬂØJ	â›¬}¶•F‹:≠Œﬁ¸Ãñﬂ≈ÀT«‚-HË¸û4n∆Fïf„∂ú≤.|∏tÏX#Ó®≤Q 5b’	ÈFæuΩ∏ôw3√6¶˚-#S≤¶1lªV"á\Ôq[6Ì´ÀêçBlµtëºıø' (type 'help')
CLI: unknown command 'V‰ıiÂÕÆÀoÔ™ ›|[aEM∆ˆ`˝–∏“®ÃB&q' (type 'help')
CLI: unknown command '˛}ƒÁO_úl)‹ ç@"' (type 'help')
CLI: unknown command '∑+ê7çÙ»‡Ç[‘èIŒ‚F∏X{ Õ´viØ1' (type 'help')
CLI: unknown command ' ∫ÿäá(UEÂ|˜ ˚ºπ9Ìlùe$ñ~£IhTiZﬂ2À”—"ƒåŒ˛I˜˙IDΩs∑á@‡i†ó®£⁄ºqPB„∏∆ﬁ	$;†m∑õ' (type 'help')
CLI: unknown command 'êΩ' (type 'help')
CLI: unknown command 'Ù˜ ^µÜ¶*o‰cè5Fyª¸R¡PpÙ¨ÎaÜé=‡U¯Œò+¿g~€‚ÄäÛ≈ä¬≠#]¸ç˜∂7 5{®m;ƒï:	ôÂQ3{síë§%ƒªøt74vûoöG' (type 'help')
CLI: unknown command 'd Ç#©3ñ˙üñ_j≤à‘⁄Ö óßó_ Ë<ü&Ã?·ü√ﬁòè22f”ûM' (type 'help')
CLI: unknown command 'fg$´kæ´-"ﬁezÆpam%πqSòS÷xƒV≈™∂ÿúhwtŸ◊àœT=…S‘äb‰⁄k±%I\ëŒπ{¢]‚*cT¢p˜Zœû1ì®47ß⁄öÎÆTòôbOèG⁄⁄…2êîY‡ÌÄ—µ|ëÏ˙â∞˘!Oñø˛∫_!∏ÓŸÑ|ä†Û˜´Í˛Ä±"fƒ6z∞' (type 'help')
CLI: unknown command 'ê‰ÖQ≥DØãë†|hÊ¸§&ä˚Ø§§¨8¢„A¶Á–≥A±#” ¡|÷á≠ÿM¡‚≠”à–4¥LEé>·X7·CŒû¿ ≠∑ÌJÇï¸u≈' (type 'help')
CLI: unknown command 'ª[∞U3±—∆%ıj˜;G∆¿∞).i˙[<k+≥“){bŸ6‡IÈFöN™Áss˜Ù¬ß«ƒ3ZÀ$I“◊û?èâx€~Çf|¬?ùˆø≈ëÿ…¶iú¢ìª•—¢9¬‡-E≠k∑o0Wc„‡åT(q¡8¯' (type 'help')
CLI: unknown command 'Pπ`r8Ê…ë˛´˘˚å‹' (type 'help')
CLI: unknown command '›ıàY' (type 'help')
CLI: unknown command 'Áf' (type 'help')
CLI: unknown command '´(Û¶ÃªÜe≤$∫o;\@a∂UﬁêmzXku˛´ÈBS 2∫O[0$‘ÂEF*á|Î°´å~∏xíD_¿EÁP7†jö8W*08∑•I{Ïm†≥*ô¨ì64SÓCt¨ÍXE`~¶∞æØ$πSˇ¬∏1õwaÔuuÙçª.O4ih)C_Í+c' (type 'help')
CLI: unknown command '8≤Òµ„}{˝⁄ö√ﬁ¿Ø¨X’QUª2ƒQò≥≥Ëø“fô'O;¬£(r,›‰Ã†ø∂5˚œo[süw§	–¶æ””œàu-∆KëÊ¿x;’ˇM°	°_û(C!qs…‚≥üeÖuX5ÅTÉ◊a(xA ÿÛ/“/ÕÒ‘”Ÿ‰”æ¶çé§Ydê¿gkèÊ∆ˆî*h!äjãßêÀ†≠9˛:≥pÈ ”ı'' (type 'help')
CLI: unknown command ', Q∏˛˚˘ì1zŸ‰Er√˜§	∑		˙Ño' (type 'help')
CLI: unknown command 'Oy;7Èæ°É∆cˇ4>ÍòQÉIÄÑñ@2;–úªºG≈$∂ß]∏ãQì#ŸÁÛ]Æ ˙G}ÓjŒÄbs∑á,^ Z‘÷Yg}9åwrjr±˝∑Ê_˙x…s*w≥«Gf'€!–ò' (type 'help')
CLI: unknown command '2≈ÎÔ¡&4±h˙˘z^áfm≠wX/∏PÃÌﬂ≥≠ﬂó∏Ÿ»~í?Pø¢@L2' (type 'help')
CLI: unknown command '¡%ˆç˚B5'ç~*n.rx„±o¬øm¸R‹õgR}ı;Ç.¯±Œ0˘ÏJŸs(%¸o ÿqen3h˜ãnò¢-Fç‚:bÎí◊Ëep°EhıtN+åR˘ôõ£oWøçÁìì}%ËØ5ÎÏè® ÌÆ§e¸ {mIÛHVg‹Z óKSc«<UXŒDÌ¢ïÌ˝8ÆfìÎóW-èªR≠~Œ: ‡›i”®#èB\ù[Tú\€j`ù£øˇòØ†Û]]‘(˛Iqµ±' (type 'help')
CLI: unknown command 'pCò¬·å;xÏ°¢“@ÕJ/˝:≥NòÏDZ/πÚÏ∑x9ìÁ√ÔzÕ‘èd„¨≥∂‹ÒA5Bõgè¡MGõ?Éq`≥p÷±§Ûm«oPãJiol?$ZêÛˆpï…ƒ í Æ¸√"‘{9¿ˇÄb,ÉêQ©@≤>‡	&Œı√◊XOêQZ(ÒÖÜÀ¶¨Ÿ<®Ω˝úDYé¥y(Û“–Î ébP∆öâ[∫∫õlvﬁgC»£ÃÖê9™tú€"”'òM ' (type 'help')
CLI: unknown command '”è@j	çÀ,FUÈ;ˆ=àùxà˙€m…©L‘ ä◊¨RÎbjûwÈ£UCá®òÔí77ƒªE•◊‘†à¥™\!\èˆ\"óºéc[kAnˆ4¢Z÷6I≈≈PlŸA≈ÍˇLÆ˜}' (type 'help')
CLI: unknown command 'h;É£‚ê' (type 'help')
CLI: unknown command 'ﬁ!û∏˜E≈,%É…Ì•wπ5‘õYF ‡Mn`,»¯”Î64Zπ˛; ®ó2 gcu†+[‚¥%:7¢·›î6ƒíp€e‹{bŸQÄjW' (type 'help')
CLI: unknown command 'ïòfßΩ1b`I«q©î{•Æ4î' (type 'help')
CLI: unknown command '≈ø¨:QT˜≠•U„˙j]∫√÷,∏N*Uƒ∫HIπ÷óáö∞x’Ø˛∏öÙ+Y⁄◊æ71ÍcI≈°≈GXﬁŒF¥?#' (type 'help')
CLI: unknown command 'ùkœc8Vf.~b©æP´⁄ïﬁŒ®q:8'™ª– OõW£Œùe	ÅÁ“¶x/kÆ·v±,ÖE◊~K8∑ì$ÇÍg∆Æ^íå‡jvÔ' (type 'help')
CLI: unknown command '•∏∆u‘ÒÆi©ü…Fs1‚∆∂(¥ì—ï'âlP±>.¢¶¨XÃÃbE≠_ÖØ_¬á‰1Á»¢g`^—…•; ã.R"t®⁄JC&,:äÂXeú Í€-\†+' (type 'help')
CLI: unknown command 'eÓÜRx>…Ë' (type 'help')
CLI: unknown command '∞}†o«;É˙ Œ»â+≠ªgE≈ßyT@¥L∏¢øû%ïXcè\UªÉvÑêH‘“™:^§z7Ë7h¿ÈÕ—]ÊxÁ¯`,ÙI6QÕ”r©≠ﬂÒÎbI*cTO∞“˜' (type 'help')
CLI: unknown command 'dø¬„=√ŸGJ~‚n'ŸJ©∂H±:¥˜Û‹é≠q¯Ùbªù]òÔ/Le„·PR‰ÃÊ˚[{' (type 'help')
CLI: unknown command 'û¥‹Ü=^ÇÂ≈Œb≤zÄT1•Ìπ@w#∆9ÆoVÏ§≤Ò<åú‰kˇ=-±Ë∂Ü∞ç{X-~«‘€ug8Ö4v•’–Ì(˝{˝µíﬂ(•ÉQ¢<§ÈsQãùìQÀy·äÃ˜\OÛ*íÙ}w¿ó2àπ¥ˇ§Ÿ°˜Y$Yä¨ﬂò&Uj1õw|<.]≈!πuˇ∆˛ÿ#¬»Û	”˝·Óãë$ïˇ±3amïoVû	¿' (type 'help')
CLI: unknown command '∫6_oÛ¥®_¢ﬁªﬁ˘å·Òú1]ÙûáòΩÎ¸µg'=aŒÕ»™¶2ÌvR0«#ÅÕdäº.@£∆T≤æ¶Ö™Ÿ)≥Û0-—5)om@m;Ò)iq…/˚èSw\‹¢fo' (type 'help')
CLI: unknown command 'O`Ç6„¡u§Ç0Hörz»XtÕ ãLDEFC?ØvàHÄ¡¸W,ûMá‹õ<Y °∂–e¯§X'ÅjÊ‰ØŸÜâid⁄8ÀJ|E+°@ÚàuG€ôËÓ' ™æÒë∏ôı∞‚dªß˜“¶⁄x¯Z9uW0‹NSB€∫$ÙìU'\UÁÚe„g,≤õæCoJ¯Ÿõ(1{p¬¿Ÿºm9ÇßxH™“NÏ4∂ü2FHJ¡òaê€,ô{=D' (type 'help')
CLI: unknown command 'ÅC—_g*C=˙|xjË~˛P‚ÇªÕ	¿ é¥(≥œ”∫¥}æMåÊÔò™√eiÍ≠k∂\Ø¸Õ†óBåËhÄÒÓ9Oåº/—g]˜<≤úÇFœ4¢}πAÿè1Ì+ûÍÎFD™\âÈ˛~ôÉÑ%”…[ ßÿ ‰ä"ñ¬)LPú|[,/°Ç¯ˆ]G∑!Ù9Á™Qb' (type 'help')
CLI: unknown command '(‰}◊gNË‹≥æW™˜M`â⁄JÒ¡æ√®O’iI∏∑}ıx´WVzâp†¥$cMÑJ]âÄ‹t∂ÀcﬁŒπE£Âh◊PÄdT' (type 'help')
CLI: unknown command 'Îç˜K•`˚rdÈ√uÎz$˛¡K–`qUopçÊ æÀ€ÇNà˘î&QrQEê´¨GÑøŒ…Ù≈)å°‘L[¬y≠¢Ø˜ ˘D&-Ω∫WÌ¶ùX€‚M–™∆GPRA(%ÚlÓy¬˘G_+ã' (type 'help')
CLI: unknown command '+%î!ü}÷´-*›˝ ∑Y†˝¥líi√€“ £ﬂw¥¡ø´Õ=báW˝ÏofC»Ké∆zŒ&*;ÓÀ‚cï' (type 'help')
CLI: unknown command '≥1ks£Í√/Ê5k'Fç—ª~¥A’àÙÍejØ*á†a L»l#8WÇë÷ˇ±h% Vkˇﬂ†∫∆Süç⁄ì≠¥O]åRπ' (type 'help')
CLI: unknown command '1@o©’`ª27‚˝í˘◊ª‘hWB. ≈‘e°z&AÃ¨¨k2¬Ç‚' (type 'help')
CLI: unknown command 'øƒ\¬5vØ' (type 'help')
CLI: unknown command 'ÏÕ|?áÇÒèw|oùØ—,9õ>Éì4´ÿ íâoî2√¬{%¯≠QΩ#WN3”#¥ZÖ˙ì%Eü`NE’"S≤¯∆DYbï·õb>èµÔ^úﬂG5¶µQÖîJFÊ	2ËÆÒ‚@»™“"Õ’´ç˚ÿúË%oÌˆ<ZÖqïrÍmØÌ"u†ˆElù∂' (type 'help')
CLI: unknown command 'ôÆ†0)‹Hr˚d¸Í<?\ ,ÂÙmƒˇxlÏï¬9uYrÃwP' (type 'help')
CLI: unknown command '˝!Üà∆µ/O|≈≈bv¢J∞e¬Õû≥pòpﬂΩ®¸ØG.°p”˝\@›(≈⁄ﬁ(£B≤Ö™Lπ—v∆ÊÀÆ„„Ω®'ª%›m‰o_#ÿi)y∂ÌÓ∏t§€K)~Ø7◊Áwbèn«Z¬)yo¸ámcùMº–i' (type 'help')
CLI: unknown command 'pŸtv_¸G6-‚¬∆¯√ Y¡ä]ÆÈ⁄‚ﬁÿæã—tc\ŒˆªΩËÏ{¨QµÔ¸‡„sá∏∫e-@£æ¶Gn/áÍYªtÂZ4\˛ly'πˆ“çÂıπÉ¥h¸*á' (type 'help')
CLI: unknown command '≤4¶c†f≈+ÉøAÀ∫W+„G˘§|¬âÿ=H]e∞˚èµˆJ(=í˘ÒΩÈ‹≥ïi =∫<‚P˙Ÿ¶OQl˝£±mÈ»§71*9(»z∏˜r¯ k~| „Sè«g ŒÒéÈƒÚìÄâmÒÿï#M˝GËΩå—Afk›„XËW aáw«ﬂìOÚN¶/3ÿbˆXj_œd∂i+' (type 'help')
CLI: unknown command '˘ï–M7OÙjF1*íåô' (type 'help')
CLI: unknown command 'kåﬂ{~uÍœ◊sH·0 Y÷Åb' (type 'help')
CLI: unknown command 'Sìz†.,ıÅ r' (type 'help')
CLI: unknown command 'ôD—ù∆≤ÌW<˛¸NåóÅN9´<;í6iNÄl™§|jfIÓ∫)YaxçÛ•öı<ÔR=§}ô+Ì(˝éÿŸ≤rR' (type 'help')
CLI: unknown command '6Ïs¥ÍK;2t7E7Ü¿ï±œ 4 ˆéÇMG·E»*7ÑuWeÿ…(ˆ(vi_nª<ìnô' (type 'help')
CLI: unknown command 'zH°:Ó‹Æ◊ÒXS˘#TáAy•~C]≥€‹∫©¢B #Æ	|ˆØ∏u‰tXAÒ7‚»{MíΩj«ŒA}2™XE+“a≤Tõ∑¢K.]µ{Íõï|Ô™z{Ÿ∏í“”AU€1ôÊ^¨∏Êy9ú6MË|%t' (type 'help')
CLI: unknown command 'É1ú;Àä›âœ%ôzL[ªΩ–Fä˜&Nè4}n¿ÀhS•\¿ø%œ˛ôE\—ıeÆÊÃ&1' (type 'help')
CLI: unknown command 'Ñi,◊ [ã6 ÒWd›]√(v<%ﬁÍì#0„ÙÆºar^>¿[™.®òÑÀmK' (type 'help')
CLI: unknown command '¯‹ö§LÙﬂ]/,N¸€Ä´ÒΩ˝y?$Ôv'πÌ–Ïz[/j¸	/¨YáÌ Dcøˇ◊z[z€£ˆM$I4V¯◊≈◊áÇ%≠—,æM≠Xé‡G¯™ZÈY2Sﬂbè™>|ªù)îƒGîΩ¢¡‡65K:S,e' (type 'help')
CLI: unknown command '[Œ‰tÊµ˛⁄ºŒ∆À∂û&„‰Î#$ˇÁÍv>Í%¶Ô£X' (type 'help')
CLI: unknown command '·öÔ–		ê!∑ì$2Z' (type 'help')
CLI: unknown command 'Ôh’Í˜!<µvç' (type 'help')
CLI: unknown command 'l®÷∞Æ˛€qx®πF¶ä≠ÅÆXú_T?‡ÀÑ·)±>≤sú4têí;G≥Â°XmÄ(÷yßC*¬r‹#' (type 'help')
CLI: unknown command ' -¯[3ÌÔòÚ’8VT˙„ËLˇ¢±\MzıÅ(áûiÊh◊∞lè∫V§f⁄:õGÆÅ#Ã wˇÏ+NñRq{)k¢Í6zé∞‚≥	»=åÉN¶=@än;`Ç¯¶‘€Ë∫èl˚zªD˘¢»jf' (type 'help')
CLI: unknown command 'ÀMù∫Ã*äßò¬ÌÁ%1lè7¬ u%Å≈ ]ë˚Å®=èf-œœ©7#,µ˘%ÑÖcvoÈ•%Útﬂ¡QÖúÈ±›}DuõQ±a≠Û6L' (type 'help')
CLI: unknown command 'xò÷(ÂÈ|R‰8„	Äîù„¬TÉ«ªã•Üf≠é{ª3[íøeú ÌOñ\dú_ßú=¸´ \á,q{4øQjﬁ¶3ufbE[Éˆ9KÂé/ìRG∞ﬁd3ì*ŸÔíôèC_ ?ıüÚZü∂¢TÈúˆÈJ•ˆ2ú•Ir·ü Ä4rrzÆI⁄©	¬£Ä∞ÎÛ:|,Â‚¥√†¢ƒÃCõ;¡Òó˙AÛè∞' (type 'help')
CLI: unknown command '¯´UòÈÊ–ÁFl"ky˚iË  ⁄S0]Q'às;*á$äcÄ_dñè∆¯.Ö∫7¥ıÊ˝…≈0ÿïÂı#ﬂæ◊˙j≠f®•†2çÆ"˙å˝î—OC"Â`ëµÜ]A◊#^z5˝¶˘¬@kHI∂D±òqdc©[!Îyˆä˝ı¶niÃÍ*j[æÓ )Z8›ìÂ;Ï~mΩb⁄÷∂ã+DˇûªÛIr˚¥°P◊ó¨\5á{' (type 'help')
CLI: unknown command 'PUüèè4≤Ölv	‹¶ ∏T°Ôsô˚∆JìvcvBy∂∆ê?≠q†—”l*ã†≠I§Ò=‘º0)@G£6°˘)¶NI$˜à≈ò¢%†–˝‹(K§EBr#É‚EÌÿ:7è{±+é' (type 'help')
CLI: unknown command 'ïA*zj‡ﬂ÷sˆ_¶0PBÆ°fÅ‡ükõäÏ⁄π;¯%€<ﬁóßºµŒ‹@üÔÃﬂÏò@T{oE˛£êgœ$ÿ¬øvÏ´6#Üö<¶É¬jYÜLI|¬ŸU' (type 'help')
CLI: unknown command 'ƒ˙ä$ÊËsò•ˆu¡Î3ç-Y8çø‘pD∆œª7∆P?å˛’∑ÓM 2˝ïj¨' (type 'help')
CLI: unknown command 'º˜’ì7?åÉ¶TfSd˜Kîx' (type 'help')
CLI: unknown command '‹˙[{ﬁ5‚…7ê.Ó,<[GL0û‘x bN`õ5£Äˆhá®áÌxgÛå  ﬁ}ùîƒrÖl˝◊¸¨è 6¢mÕÓ·' (type 'help')
CLI: unknown command '˙™Vëˆæ†Ê£¢"em»q|b;∫¨’∏Ü|ÓºπnA…w3	î)s"ïrô¯ãÔ?S'0®ÍöÏê9ÚNZ÷g”X}/;æ«F<¢D1Çeãî»¶#+Œ' (type 'help')
CLI: unknown command '`hG!ˆ=¥Ò7 ;Ö|â ì„…	§´ ' ÿ∏Ø¨è%ÅòÀû¯∫◊ö}o3n˜Gı+ª ÒÂüJD⁄X#KÕ%i`!{@ì¿_m†{BØTnsÇ:;ºßÕ |N+Â∆<ÌÑÎ{≥ ¿±EjÇãXJ®T ƒ. rJ¯âß8aÈ,\#é¢d˜àáA»Ω@˝∏Pª' (type 'help')
CLI: unknown command '$§C ‹ª£∏ÔJ•ÉUnxå·±˚vïœyC-£5∫ÕçZ$& qÿ‘üòZaåfç~ëßE‘LÁ˝∫p¢ˆat„ÉÆ78ﬂuπ"$å*0ÿ_ª»Éöë°Üz¢3\ ‰YpË!˛3·÷◊_∫n˚˘í`7ƒCX¨Å=[±&u‰dêì˛*ö^Zãà∏¬d(Â‡i÷„¥vö` 7N‚1Ã‘›ˆ¥É”‘ÍÀΩ FïÙà' (type 'help')
CLI: unknown command 'Köò{ﬁ¯©‡ Ω\‡÷‹|´®∏)ˇ1 y~èyÎ-‘Átœ¿æP«ZÏ Õ%Í' (type 'help')
CLI: unknown command 'æUDßîXËÏ{vÚ'¿â@–/©(°Y(Ü∑ôówãéà5r$Ãñ}?0∞ÒîØˆ”k’‹ ,n™!¿jÓù§P]ZË' (type 'help')
CLI: unknown command 'Èø8`‡õ@#O’ø¶6ô∆€©,&ƒJU⁄Ã™C÷q6<ﬂ∂ëI÷ù‘ﬂJ»>‹ ¡ÒﬂwÍ™£•„Å%–√‡w›µjÊ2»≤ì·«pç#"eµóÆBåYî”(o™˝÷eıå≤aK≤WÕîŸ¶Õåı‹ÔpïIõ◊¬ÿÒÉÍzˆ"–õïSu⁄Ùˆk`*Ö»¶ˇ+ƒ–:Ù¢∆œÈﬂjÚN˛7µ>äÿF}∏ó_d"Î‡æ¢‘4Ÿ´ƒ¿' (type 'help')
CLI: unknown command 'NÓ∆ê|LVíÖ¿zïäèAΩøÂHf;U)Ê‰`™f™Q/∫^âÙ£9"?≈1ı5ê.`j' (type 'help')
CLI: unknown command '¯√9]ÒŒŸ´á|*Bf›Spóm*ª‡Åˆ@s`¸èCfÌô«jn|"Í›È¨É%ÆPn5"ˆ,óÉ]¯éûTçØ8f≥v»x¨YêˇúDÁ,Ω¿¡ª≈[•6Í œ·´#AwZ“ˇ)≈qÊ/ßsQ‰´.±˚ê ∂er}^Æàâß' (type 'help')
CLI: unknown command '≈“^N£ ´µ}e·⁄‰ÖÖÏŒ&q¨œ‹≤9«Å¬˜;Ñ!¿ˆ’ÄOwa-ûù:í—{ C1]£Öh¿‚h-à!‚•¬P¯∞^∏ãsqU¡ò¿&!(^H∞—Gû¬c~«<:>XK(∞q.Bz`ª1#`°K6qa(q]U˘MærúzWzÅ[iœ.q.¢Ìz¡Ø©Ìà∂ÎQ∫@\)_0¢∫v%;¸Èû89ÙºKI+«≈tZg' (type 'help')
CLI: unknown command '&d¥–®Ì§+ıI˘C’Tá4Gg˜œ◊s=˙=ø,√¨<nnÿÙxôÈ|è `(ãWºY‹|A""‡Ï8[ã#∑a›W·|Ì„Òå˛ÔÁµ‰Gà“Û∞KÛái}2+ ~œ—∂˚∑4÷úâôVQgJ°ˇÀÂ¬3 qàï' (type 'help')
CLI: unknown command 'k H1ﬁÊNá{à<˜≤udúâ·‘)+t§æ3≠¶DÏ≥ã4‹aå»¯∑~∆f·W,	m™ìØØ$X9#9> ]Ks‚∑∑Ûl"ﬂœ·ë<[b≤V√<ºsh·‡ŸÀ Çê' (type 'help')
CLI: unknown command 'Áì+∑Å!:i%ø{∏>4å6d„2ètÀèì∑ä‰hHa£Ã˜ºå≠‰Ûâl|˝∆„Ply˛ã:Õb=WﬁŒ$÷ r”¯≥' (type 'help')
CLI: unknown command '7–§±˝Æ¿aùÆöû˘JÌzÕZssÂ÷xa,MÿÖº∑ÌæVe8ØM•W~B˙e}¥‹“Ñã@Ur§U2∫ÓV˛›ü",Ú—‡SsGñãiŸ>Æaá´¬[Ä˙I r%R4œﬁã±68´!˛‰ß7Ï’pÊ|@Û' (type 'help')
CLI: unknown command 'ú@#jÜ=ojœÕVRtƒïe0ß[≥·ÁﬂM◊W%ƒ÷Yµ“>Põm_∞‹E/◊B√ﬁãH‚D@≈owõï≈[z+ql¿ywÍ„	Ä4ƒdz¸$vt·~Õnˆ€ˇâA•Y*Y-6’–WpÖÀë√£2’82,Á¬I√“' (type 'help')
CLI: unknown command ']Ÿ¸Å,˙õ± ÖJ¿è]¯Ó≠\%2T–UÃ”_3Wjv4Ïa7≥ä3éx¥	∞Ò√_Ú!†Q˚∑¬ ∫Á·I‚≤_ƒ #É˝}b⁄ƒ~ñ-ﬁ®=Ë∏o@;ŸÊ≈¸É√Rô§Vg–◊Áæ©3é‘∏π˘SıÄ@,QòáC˘©ÁÓà:ÜGkoœDuÄàÖ∏hˆ´ŸÌ	bNÂA6≠,—… ëÀé-1ENî8Ã•ñ©˝$O&å	Ù≈!ïU' (type 'help')
CLI: unknown command '`(LÂ≤‘b ∆∞-P÷Ìz7©©. [ÜÏáﬁ˘u?b”¨©ﬂ4e)ﬂñ5x&˘ÌxhW=ÇD…‰ÏÇY∞2uUé¯OØ∂⁄Ø‰-Êß]-Ç7:óÜ/&ΩL' (type 'help')
CLI: unknown command 'Äˆ/|f.·ÌÙÕŸv3¬Ìƒü˜∞ˆYÑtf4YˇeÅ≥ ù Qı@G2@ÆY˝÷≥Â’\ói‡~G\5µ˜»CÑS‚ñÊ>'ße2˙%çπhñ·ç∏URì?um•ÛeV¿XxÊùa¯È]aÌgE†Q¥a<µnïE∂Äu£2È’æ:@‹≈ˆfH)X=6I[Hhééêñîs≠5*“ˇØäY' (type 'help')
CLI: unknown command 'q‘	eê`ïqÔ·ï*≈+ËôYÌ˜›(ª»;§ä.e· ©¡ÑÜßüTùˇ1(`!∞ò¨Û±NO··çlÚ÷]§j' (type 'help')
CLI: unknown command 'ñp-b¸/]'¯‰mö¡ÏG\“+¢^„XvlôÆ5ã=kåA8°(UGuH¡≥@cÜ(' (type 'help')
CLI: unknown command '}–4&å' (type 'help')
CLI: unknown command 'æ"õ/û,õY±€îßÑ%É∏˝‡Œ° ß≈—i-µÜø¨C' (type 'help')
CLI: unknown command 'IÉ§Nâ/æTÚ∑}∏cù·˝ÚaØûFì.¯•3ú+b‡' (type 'help')
CLI: unknown command '¯C{|V∏÷ˆXïO}LÎ§˜ÒŒÄ7gŸÿaÍr˜=ÕZ,Á±;≠¸ÔﬁáÁÔîõ	∑	ÊRá˙Å∞…ÖΩ¬`2GΩ(/4ãq8Wù¶mœT˛^˜' (type 'help')
CLI: unknown command '‰ÃÃ˘F§@≠†%â‚ªiI~mÃ1?öQ“‘ ¿ã3]N«H@‚È+Ô5¬#üªøh&D‰™Pa|UÛáåëƒıÁU“vH#TŒ´– bÑ•ªéÜhOK˝¿†h€X‰îì≈ﬁ"©(÷ãíL≤' (type 'help')
CLI: unknown command ')lÍh?∑≥¸¶W≥±˛y¬‰6˘lˇ ∫èˆ:^1äƒ√Ûø≤k”J—÷˚°ıÎâSY*tT' (type 'help')
CLI: unknown command 'ã<ÖZJ8ˇˆÃÄ}0óπ–Ÿg6ÿw<≤ãì≠\,Õ=' (type 'help')
CLI: unknown command 'Ü¿ï.~~äùèê.EMöº–,&HîÚûºåã˛∫à'µ”bÙ¢Ωá Qπ' (type 'help')
CLI: unknown command '}' (type 'help')
CLI: unknown command '^VƒL#,Wú«O—00ôD¡ß”Ìı√Ò˙=˝UÎÒæEGØ∞≤∂.hÖâ•¡™wEß‰‹i¿2õ9v’(ráŸúøÿ!„/2Ò=8Æëp#E•à ≥Yˇ∆‘3–c´$ŸÔÚXSI§w4±ñ}Üµ6!)Ö9^àcr)' (type 'help')
CLI: unknown command 'ΩL]˝≤`¸Ü˜,∫fÍ£ï<ÅπÉ∏2ÂlÃ¿Ú™$/…†ΩlG>iCùAºÍ†ñ¡AﬁÅo’t{ﬁ©°ﬂ8¥Cp(ß¥w?O¢o=˛rãùˆÅúhìúÒ˙·€à' (type 'help')
CLI: unknown command 'Åu}Ÿ®)(B\áßÀñZ⁄ÊL¶’T˘§Gê≠Õ®§Ì“ªù∂.ÏÜ˜,xõØÁ uv2EÌKççuB¥*M[Aª/öâ!d∞'q›a˘≈¢‚Ô≤ÅZH”‚rœÔÙ:]èj9òﬂyπƒg∫c_±‘tÉV¥d(¬”ÜÀTÎ A' (type 'help')
CLI: unknown command 'Ûπ‰w≈é ö˜' (type 'help')
CLI: unknown command 'Á√Y-@ÄY4Ìu{ÿcÆ.R”dïåÑ9æR∞ß›≈å[Õ—C√À' (type 'help')
CLI: unknown command '.	íéı˜ºDK<ıy¿"ì™¿y\Ñº‰Ò^Á{Ê{OrGnœ∑Œ‘÷F}®Òdè¸30è¨•T]àiô≥÷…˚H·' (type 'help')
CLI: unknown command ')º≠fídßu9n™"Ô{°Û±¿’ @Ì-{ 'óÆgúï≥˜æèÇ⁄E≥∆”ë^6!My9ÇH∫–f‡ÚØ8úIcÑßã`R—•ŒâÿùWf˝3˘VLTp‰ÓcÀî‰û∫÷M2y#x¯64@∏Úä' (type 'help')
CLI: unknown command 'LA˜Î‘Äã4 WƒéúXÇT˝f¿´˚€âœgêtwπa	ﬂ‘C≤m(xº_ß"Ïæ¢bÙ!D@V¬¯‘äa–Ñ~$ÔRˇ¶™È‡™¶\¸@®x÷Ö-ã-B∞h †Å€GU8⁄ßÿ÷˚è‡(≈Ù±ãÙ¿âJˆ-Ú—.X≥}[Pj?Ñ”ƒp‚sb-ñ„˚Õ%àÊ' (type 'help')
CLI: unknown command 'ÛW@;∂∑¿•	â√¶8‰≥óX‰ˆ-‚ﬁ?πyr’ê”c⁄¥)n˜?$ª®\^cúæ—ŸgG‚?w",»p‹åss‘d–4òù=Äag<‘ı)]=Ω]'@aE_ÎÔa™ΩûŸO0u‹ór¸;v!ÇªÍ˜ãümç∏Ÿ—ëíì¬Ω¡â˙“ò[°HR•w¡–≤@ ¶ßyß*∑∂∂ÁåÔK7M8÷ñ‚IÙC·-Â»Ôº$=π˚ˇ' (type 'help')
CLI: unknown command '*ﬂﬁÂL¸f uG∏CûvHr'Ñ∫Ë ñ‡^Û±Q⁄OΩEßßÈ†	ﬁ76' (type 'help')
CLI: unknown command '¶‡Z˝4”K$Ñ`E1¸æãâÃf…´“b´ûı‡Ô-éÔp.´)_à∆ITYGKl†˙æµK;pÓÔﬁ~ ” EU67ŸxÒSêe ØÚåç¸G©ÿvg£9|·ñ˜&ØÌ!aö˛™ÀlHZ»ªWXàñÊ©‘@e' (type 'help')
CLI: unknown command 'xx¸¿{∫ÿ• pG∆´¡πp’P[yCÃS˙§%≤{Â˜◊#`†8µ®+ûV'ÍhÂ¢$4ı≤^ØUœ^-íûù'√ñÊ´ö—míˆ⁄ù˜“çë≤(P…ˆü;Ü-ã8ç–ﬁ€™≥g6í;ólÜO∑ΩlF)¡‰üÒe˚ôp[é;˛Vüá%7Æ]' (type 'help')
CLI: unknown command '•LÏ¡≤ÃÕS˚Y∆∑M©YHØjœ™/?HNà≈Ò1t ∫_Qw˝√ßø8ß;<ÿV‹Áıjé—·âùMË‹G˛<Nÿ'î‘C~4ù÷D9–xÚâÕ∆öû7©uM~§∂ıái›™ífÈk™öÍ¨Ó"ÿ•”`ÊïG}Ì5' (type 'help')
CLI: unknown command '@QÔ”§°“'˚B˜„5r]ªí√ 9»»¯ﬂs]¿π¶!§:ITñ5XMqo|qê<JY:∆ÿ(ÀZ‘d5¬πOÖÉ†6	4“îS:·p”Ÿ4,ˆ%âj)oÒ∏º#ø„Dw˛Ø≈ºÉ‚úÈd—7>‚l±è@˘itÿÜSÇÁ…— &f,}˛"ÛQÂö?à∏πQ¨‰]¸”˝˚Ô°ÄÎ¸ü¯lı9RCi·‰eµ¶~M€' (type 'help')
CLI: unknown command 'œª0¸µ(}«ÉKWDä=±wVx8]é„,V•øiâb˙ˆrÖb◊Ÿü·_5ußÄu(ËFµ¯' (type 'help')
CLI: unknown command '…é-≥+€®˛´˙á´W ëIŒŸ‡Ó∏ƒ}Ó¯Ú)ºykDòb"eëÔÑMà>Pâ ‘Ï◊v·vIèBõ*ïJ*£¿?g• b–=Äç°Ã•üôõÛÎ‚¡%;' (type 'help')
CLI: unknown command '"(Ø˚5ßehàdﬁLNÒGàÆ∑”†´iOL|ÖkT”àCèπù]	Q‚Õ’ÚÅâ' (type 'help')
CLI: unknown command '•¬<ÂÂ’RqkÑ≥áà1' (type 'help')
CLI: unknown command ' eëüÌKWAioàL øYØ/ Oz#w»jn’`©Ú_~$Uv;” ‰´ò√$SÜP÷{2Xí≥∑Z÷Uì0µí(ÈÒﬂÇ#Ü÷#úJÉáX.U£-≤äè»œ1Út> È∏tãË◊' (type 'help')
CLI: unknown command 'zﬂà¨¢ÊÇæélÈ3Ô9q-ﬂQ≥ì˝¨ÿ)."*È€ı' (type 'help')
CLI: unknown command '‰øçº¢Âï‘—Yè⁄Œ–J<J¡Ë¬∫ª_O¶∞ˇ zŸEÀ gÕÚà	öì„§¢§0"S}ÀÏÙÔg∆Æ g‚T@£ê' (type 'help')
CLI: unknown command '´…O.ûqsÌG‘h sN˙‡¸?ô±*æ°∏›\˝k‘«ÏJ£l†˘ m ú≥mÆoLΩ©<ÑçÚ‰i≤(bÁ@5ÚÈ4ò,,]˘≈˜3P“`|⁄Q¶¨»h?ºoØ©ÛØÿBÁßæ¬ìp`IÎ~çû´Ekó' (type 'help')
CLI: unknown command 'ÆàΩ≈ëÄ‡	êE/6IæÏNı›‡s†"ª˛îÌ *b™ã{2ª3¢ºHµwP±©ú4ﬂùLaÙvlµﬁŸDESÂg' (type 'help')
CLI: unknown command '¿}Â>¥ËO0◊:7Ql∏ñ çE°∆¢(`∂Ué' (type 'help')
CLI: unknown command '9∂ÿ@“‰/¸¨ﬂ°9“k¥ycŸ¬r¬<Á]h^ƒùôd◊D,Òw#¿˜◊I‰Nñ§¨ñˇ6d;2Ô§∆â ®™ô9Áé î®R°öFÈH~$Àº_m›C˘∏pqI_	}ó¥ê|8' (type 'help')
CLI: unknown command '›,7Œ>¥ΩV‘ÉµÖàTc=zeŒb¨≈›h∂˙≤LîN¡⁄ùP{êæDœ\Ïóñ(>h∑'Áù™È/®7Oø:_˛µK˝á´≈ˇ!ÈUs⁄≠~z' (type 'help')
CLI: unknown command 'øvÏ∫K' (type 'help')
CLI: unknown command 'ı˙)¿)vÑ˚Ùn”J∑≤&U“¿ÇU5ÅXì9ãﬂjèj7ÉkÂ]»◊Å}àp5‹¯X¡BàòeöªèI7xõ+q' (type 'help')
CLI: unknown command '?o=Zv¶pb†·38Öú|˚‘E â¶^óîm/á–)Ù›´ä+)ØÿyS∞ülh4bªØñL}È<˘»ú|‚’†' (type 'help')
CLI: unknown command 'Œ‘m◊A«ñÉõˇŸ≤Ó≥ÑﬁØ–+Ô∫U¢M ◊R>€«Q =u/Ó-”ê£˘~ﬁál{dﬁXˆ>3«Ô®á±´¢ÛH' (type 'help')
CLI: unknown command '≠J⁄|%kXÂc' (type 'help')
CLI: unknown command 'G€mì.èﬂ' (type 'help')
CLI: unknown command 'çL€î∫–!<L]∂c:Z: ç-º' (type 'help')
CLI: unknown command '÷1†Un‚ …èΩ˜ºMq:RDÔ˜√◊Ü∆’=Øò<®\•≤√`<ÿzyOEI·i¥;‚Ñ@7ÆD,íi' (type 'help')
CLI: unknown command 'ÈÜ2∫q√z”wµb±¢5πFùx1˝Aq„ÿÓt`æêpöR≤˛ª¯cDﬂkSh‹©é 	àã"ıäúcSêS¨ƒ;*Ü	ßΩç#P‡UµAÒR,øŸúñfg°Zéj‘¨cEÆ«Æı—Ûr…âÓmmÁk~' (type 'help')
CLI: unknown command 'T–„ß.úJw‰%†:sMOöUXu°‹dﬁyÌoTH\ÊøA—ëJÛ«∞’◊U…ÕQ∏t¢òB' (type 'help')
CLI: unknown command 'ˆ(Íó=˜v "p`¥Fà9y{(‰’ÁtA/NÌ√gm“%I‹úÀAOœ√«ìÕÓ'ü[’õë_fŒ)Ÿ:vmD˚hˇÄ Á‹ƒgöI¬„3§∑%_és®—ä`ºˆOÏ65‡©ÈÚ\' (type 'help')
CLI: unknown command '◊Vï &–bÃ‘Y≥≈)ziYÔ‚Îc«V¸Èq„UÅ¯iÊ˝*lÓ=¿‘bıbO.“êÕùñ∂RınÌÇ-¥∞úŸœÓáÚßÈ °ˆ‹ê’ÄÉrﬁ´Œ é°’	´Ó‰ ]ÂS¥' (type 'help')
CLI: unknown command 'û¶8‹Í¸¯J≠' (type 'help')
CLI: unknown command '§ÇÒ—≤/‚ªûñä?1©q€Å\“NŸŒä≠œ‡t_¢1˜·ÜilÎ®¯‹Ú˝<–”Ü ëï´	≥Ñπ{„& bö,&PÆ êqã§LÆ- lÔï√? ú≤ó0ù•†§Õƒ8¢<œıQ∫ˇ∂' (type 'help')
CLI: unknown command 'ˆ7 b„Èa¬1vCùãî' (type 'help')
CLI: unknown command '0ÊtI:ôÅ'' (type 'help')
CLI: unknown command 'dπæmﬁiπ˜ûo´6¶ÿÂkÁ›7Â=ˇI˜RTY‚‡î‡µêPÖÍÌK›	H´ÿóÍ÷Ì!√ä€Èﬂê|¨.√;πËTyGÂ„–P ˜óç›;ÕPqúú›n?⁄ˇí¬ÃÄ' (type 'help')
CLI: unknown command 'ßÃAüÅˆ\¥∑ê¢£›' (type 'help')
CLI: unknown command ' =Y¡z2.:ô1D2"Ûß›ImﬂºînÄvÑQ÷ £≥-Iÿ˛®Îı≈g ÿ‰Wè ç[læ¸ôäîú˘%”∏ˇ„hÁ¿◊aâ5=R‹¥N7*π’ƒeÑr≤¬Q&À”<¥-∆ÿBÕpI¿	)YóΩÍZ·›Ã]⁄∞æ ¨' (type 'help')
CLI: unknown command 'ÕàÃˇ∆˝‡“-jˇ…Sk ¸bäåÃº'@ßK§§∆2	ÏLP∞…~È{é∞˝„œ_w\ç' (type 'help')
CLI: unknown command '√Ã0ÔSﬁˆúÂ' (type 'help')
CLI: unknown command 'ÑÜßÑ$U€/>{;.œ=8Ç+∫8qπf0szg)ËMa;Œ\)]Ãë	˘' (type 'help')
CLI: unknown command '’∞°Fz-Ósõ«ciﬂÊM±%Gd¬:gÌ?ò=éÜ—|£ÜΩt©Ì[F¸ªz÷bîK◊Çà’rIXêr‘k\À¯><ùiÑ}*[ä—˘[ıÃuΩ¡uì¶0ŒËY=3Øj$véÂZ' (type 'help')
CLI: unknown command 'à≤D‰_≥ì!πª3ΩŸçÒj^ËRJÇA©çÎ§G7A\o¢ÉS¡:0(®h(œ®Éïê∂ﬂ	u©®Ñ≥f¡•ssjüWL§Ï∑xT√≠Z)J◊«=ä÷[|%òã«…Yx◊cjâ‚Ø∑ˇ‚È•I4∏w≈˛]^∑BıÜ;N‰aâ ¨Ë¢´ ≥≤j+Yﬂ…`lOßÆÍïﬁ,∆.' (type 'help')
CLI: unknown command 'G3J' (type 'help')
CLI: unknown command '•*hhÒ∫! ‚S{ë∞¬î÷[±®Î":(§…µÈ˙≥å⁄Ll8ëœEﬂè†5És¢√≠ut'ü»y5)Èv∞ iÿ´ÜG ¥8j≥ä<¡ò‹iOÎD•Ë∫À01¨eπ,–C`˙—{†∆I·Ö‘9‰ô	hj5Å)‚)©|≈Zµ‹°™3ùu(≈hÉ#R+6r®ú#$#28‹êZ'Ñ|âÖ√0±.wæu@$' (type 'help')
CLI: unknown command 'mV{*´x} "lÔÂ∞∆o»É(Jµ¡—Íˆ' (type 'help')
CLI: unknown command '§è«JÌã¢¬ ¥k(´º|ˇ¬ÆËøË∞”|T´ ¥ÕöÚôj_¸Ã¯]≥⁄ûd¿›VÔoÂzx—2Ñ`ûùm˜çÛõxAf¯hÆ@:¢=V‰3≠=Êø>Ëùè	¯e√,&GeA|ﬂêÈ´≠Õ{O-:{Ú®nÃ“«§bÏÄBê@jaÀäA' (type 'help')
CLI: unknown command '√≈îlÌoÅÀÕ¢ﬁ∫Ú„jøºÿ˛ÓjD’›$fhÈ◊¯Sî◊∆Vìô:(p¸Íép^Ó15ñ§xNb^˛â%Ô£±Ÿ?  L Ë:(„O@t7Ét0a]KEÉcA˜õïºL´_3MÇ'Ê–P∞”§Á◊X‡“¸%ƒ÷E4v¡|}Qú.yÀu∑ë‡˙∑hú∏y“Å”sKBÖ1„Lπ;π¥Ñ#◊ÛÆ<'≠Oüp*ÃÊﬂıT€¨—‚ w"çi' (type 'help')
CLI: unknown command 'G˘˚¬0 M""uZŒ"Çﬂ4Ëé¨!óQ¿Î)‰M´/-ànvAá5zÌg≠åvø9RÅ„ø{+Í»2çfPµŸS·—Ô Î.-ñz≥E’ÙÿÔ«*óhÒR∞	w‚åxﬁ#ﬂ¢îÄk/°W"w<©∂%•W™h*p«, ÎñªÖå[†i&;îÍ˜—ıBöUWF˙ˇhmã' (type 'help')
CLI: unknown command 'çxt3îók,íyÔ¯Œ?∑°ƒ+˙e/Ëì¿÷ù‰}ZïºÊ5[f	ıígLUWÓÕ' (type 'help')
CLI: unknown command '∞€9~ƒ}_∫ŒÉÜ“?s∞ ¢ZM-VbD≈ÀA{Êt¥âR>€‚Å”’Øˇ¯ Ä∂ñø¬Ìô Ò|ºç+ü{Õ?^‹3·◊(¶¥Älk““û¶Kw˘°JW†p µ±+;ÜÃ;¸v(˝kÑ0È/â‘ıQÓUä-Ê˜ô0óÈ‰Q•Œ…xX®:Î7s•j®—üã%ÿ' (type 'help')
CLI: unknown command '…‰Ÿ6]˜ùZı5l∂ºDÙGMÍ)Ø£cßk†»´a	˚∏–]s≈•Ë3åsk-E)=IrÿØl±òE>U3£≠∂H4Cä˝⁄\w' (type 'help')
CLI: unknown command '¸‡*. á•KíÒ0‰øz:Fû“àÊOÛ3ı' (type 'help')
CLI: unknown command '^÷,#œÒç{›‘~ƒ°ë<ä≈'È@¯C‹‡*ƒì	ÚÛÄI∞/L∆Ìüc§Ú"ÑÉÑ≤àßÖ∆tØfâÁw,J≥ÎÛ”Ê¬⁄Øê§X\&‹5≈M9[•| ïNO∂¯çíàK#='BvÀ‡∏X&ÁpÈi{¶' (type 'help')
CLI: unknown command '“„ÜÒäQp;f—.|ı•√ˆ<H·åoéòÂ†<‡VL‡±Œ  *cò:ô1è˝k∞Êl&Ö°¢<æµ(Ú~Î‚*uqÏ≠Ω÷´$2ë√Ñ&√6€,Ò8∏˜"±öêFB`g§∏l…Â€ã“	ó°‹Åÿè_.§Û´êë•/MC–Í' (type 'help')
CLI: unknown command '∞˝])^m∞≤Ña√b±(,J•ˇ^Ñ‡lÏ¶˝çÁ2]qπ˚ÑŸy«¨√f  Vˆ<Ë≠›É√≥œ∞¶#ﬂ#çÂ/∏-ä' (type 'help')
CLI: unknown command 'U"v¢8xÎ¬t06àÕ#ÊbFßπWzÛZGÆCÃÚ°∫£∫*	¯'”.TŒ0´©ê√e∞o3õ1÷«Æõ˘√j8/∆\„‰˛"ø3äÍ7Ío82πC,áºLﬁT®÷±≥Zü∆Hsˇ'€¶¥ΩEî[ÌÁtç÷¿s≤∞T∆´qWuÕ‹‚Û°GÜ√—ph≤PâK≈öø™A¢d-D6”ó#ÏI«VfL)˙Ä…Ÿéœ∫ﬁ#y[!Ùˆˆ j¯ç(Ô2„M¶ ' (type 'help')
CLI: unknown command '≥·ƒÂÎ)+ZK£´èÕ ˚Éí⁄µ≤≤#Nï9¡Á¿Ä6L{_ß“¶K∆*∫Z•ï®ôü∆çyŸ=ñ≥4b‘∏YÒ¯»Mú¿o¬Í(K≠‚bíòlÖV∂qÜª«Ï≥hœ∫óË⁄3V›O¿' (type 'help')
CLI: unknown command '8çÆﬁÀëËüV≠ˇ‡oµ¸z¸QÄf”πb¨7	ª‰Uy#˚ﬁ¯®±Xö~‰4∏vèûœ0ê/+√UÔRÇò°¿s*`Úıj' (type 'help')
CLI: unknown command '≠=˝¶ñvJâª3í´—∑9'ŒOõ∑◊b⁄¢≥Â¢sùGøI&öÒP r;Kﬁfê¡9£¡ò‘çM®ä·|Å^®Ñ.ù„i‡Ë‡t⁄≤I|ÌúQ÷;' (type 'help')
CLI: unknown command '5¬"Ñã¯—Ït€∑£;à¶*–¯?aÛ.wÅ):≠´ÂõM◊,OFµºµ◊π\YË{ü≥≥Ôà' (type 'help')
CLI: unknown command '_ç3*Ùjsd˘ÂíA4æ™ﬁñÂË“3@L~À=t±ˆó\«‚˙°æë SbF”.®™l∂v”Ôs‰ïÀÇŒñÿ¿.+∑' (type 'help')
CLI: unknown command '¡¨;±h“‰Ë¶◊“ª]Lù”≥8l2YÉ<±ÚP!D'ÁfÊJP((˘swß!·;A¿n‹mÜ†ô<“Rí!¶JŸﬁí‹n,y…bUÜ~∂å÷∆∂]Âo‹*À˘˛D¥¨Î†›h•?‚õªºQ¿*∂' (type 'help')
CLI: unknown command 'Úe¨wnè@b$¬ÌÜ’ıVÁ\„ÀEÓ4LÏˆÆIKª,)E∆QêJ˚`$≠y{ë„{MîÕ ä9¬Ω˛Éqı<6°cßÑ ’&d0q£ËÛ^Ã§d.ê‚É/1€D¬#©2M' (type 'help')
CLI: unknown command 'µ!)˜V/:®∫’çπ⁄ƒ∑Å2^b&≈UΩßôç£wuGW<…Õ{_∫@Ä6B:1' (type 'help')
CLI: unknown command 'q<¶ç GË8-Ïv' (type 'help')
CLI: unknown command '∫ãx- ¶ıÂ≤∫*òƒ&ÂI#¿ÊÏ ∆M…õ W\/Ã∏a	nxÏË(©∞ãw¶^⁄ü:F¬0tÊ:∆œOZQ˜2‹' (type 'help')
CLI: unknown command '∑RƒE\Ì¢”KÖ_±÷m8ÈíùSÇÁa_Ïúô◊*d*ÛıçJSHuóE4◊˜áÕb=<Æçú=nÆ5»,iñ‚Ò ^Ç€πÌK#=>á–•?ÄÀ=bqÕœ{HÚ=±(Ï2∞´Á®˝øno•2Å.Uí' (type 'help')
CLI: unknown command 'k´„±fú¡2#k:å0{Çè{≠#–r¬dÏ≠@ÏÜ›∑Bî£^œ≤A®»u6»ŸaDõ∏µa âg7«Zâ˛Ô= f ÜxdÑÀ±‚Õw5§:û€P‰./m◊Ãª√Væø=À‚¥ %†“?F[M	£L6/ÑÌB' (type 'help')
CLI: unknown command 'IÓïƒ>∏°¢M»~ca §™’")≈zÂ*L∞˚Hu¯{@'(‹óy∆÷ç;±÷+TG-r´/√€∑l»ypµÎ…q÷&Í“:¬Aªèºí|ÏBÏ;PI~ «vﬁÅD›(Y˜ÿ∆„[s¯¶∂±Qı∞0∞qdN‘Õπ*Q?†∂œ©®46ìX?∆)€ %Z{j9æœîª;≥¶Üf˙Á≤©‰Õd(Q¬cd≤•iú¬>ˆ¯aÖa∫nT7RÖ§†úŒ…î' (type 'help')
CLI: unknown command 'ë†X sùP∞Æ¬V&mT›<ﬂ9«e?)ºyQ—ÀÈïá¸◊(ïèáe;fC^uÊ≥%ù!ä 2Ω“N—:Oï&Èﬂj˘ÕπNÆ≥˛ FÖãéêèó!èﬂ‹C0Ü0§Ωêãç’Ò—òj€?¡' (type 'help')
CLI: unknown command '¿sO9¯u”¢∑P¬üôtH Rª9îÿ)‡`Órí°e∂yÅ⁄_˙Í	G¥¯Ù ?œOÙñ∂!äjpw…3f›/çç}9d9ésòˆsH*RΩ}¬FKa<éòû6ÂwsôÛb>ñkdTG"SjöÚA>oG.™g7Hs˘ÔûX¸¶÷Íè=≈ÓÓ√;¬‡†≥3≠£79Ωt©' (type 'help')
CLI: unknown command 'ã ìÙJﬂUA;r˙†ÒCn˜' (type 'help')
CLI: unknown command 'on‚®B˜Cr,Ãø‘û∏‹0.\bèJ‡2-™¸_àΩm8ëNÈòÕŒÎ4ªﬁ764/:ˇ|Oõ∑º2yòÄÔ!Ã`Ä∑ﬂX yZ]' (type 'help')
CLI: unknown command 'ΩT&ò o3ûWIÉ´àáísAÃAa=ùˇC£DÛΩù‰S}i/¯ΩbWßI2Éùc¥mıS§Ë2(bª!÷Á÷˝*ÄÒÖÜ“Õ˝Q:h<k€R/á´Ó_∞>ƒ«ô_›lï¸∆9*Õ—ë¸$,˜ Õ}KÁa-Ó…}$4—T}ˇZﬁÛ{ß‘gEÃ]ì)	¯OÇÙÑ≈ÉÖ∂·˙ˆı÷Æ˘W⁄ÚΩ(ß˚' (type 'help')
CLI: unknown command '¢õêÂ'Ñﬁ+Q.ùõˇä˝3ìf◊ûÔX˘˜W2Ω∑ £≈ˆ2DﬂÛyv.ß∫Á÷Ù±[RêŒ¶◊‰*¥^'°†&ïÚû˙õÑ}˛WZç~^W)-ísvM4j{?ﬂãPmw´„?&»7êÒﬂÆQætÁg‡C?çbˆ”°Äì—+ﬂ' (type 'help')
CLI: unknown command 'Dh‰T•«∞Z¿≈LQárB™@Q$Ä¨g∂òç7Vºª|VÌÏ¢ùìπ’ÏU´Ñ(¸W›P,@SÍïÒ]–l—‘Ûc/Ã-ª…†AÎEêàòµﬂé_nƒj@5≥TL7Mnzd> Ç\⁄ûc«åw¶fÓ/dË∑ﬂ	|W‘*cÅ%·≤yuOC#sÂHıÛî`X.£®mùáƒßÎ' (type 'help')
CLI: unknown command 'Âx5¿íëâ⁄Õ]=µõ;î£ÖÕ"„ÓÎ◊' (type 'help')
CLI: unknown command '\Ô»Ñx«Òxnyã7ÚDp⁄0ó˚˝ÍÕ3·™Ï∫ëÔ5ñæ^I¢∞@µÉ,.,z' (type 'help')
CLI: unknown command 'P’âπÚˇô‘,ú:—€ËD‘Ä˛©ˇorCc%ó≥XUÏ ç«BåÔ1˝'…ÿÌ®cËy(BÍí§$ÃjyÏ5ÙˆÆ®' (type 'help')
CLI: unknown command 'Ç<?êùe‹4÷•∂Ek ë¨ˇpJ¬∂ÛcüÜÌgU|hÃÛ‡G›∞∑P›˝ÜSãvò%Õ9)2Æz‡–E™õ“"l∫œÅq]„üIm[!gUÀÄé¨;ÖÂÿ' (type 'help')
CLI: unknown command '˘XÂ|Ã5}ö8ùä_$˝§æ¶Ñ|'’˜é⁄≠Â)QÁ”Yl@£JÓﬂ◊\í±?ÿ˚‡¢•sÿªpù3kYRQÕ˛[©Ñë£¿ÑYﬂq6.ï…Y§€ìÆﬂ±Qˇ)0Ë ¢~S+KÓ}{L Ùãã;µÛÎµlf¢x' (type 'help')
CLI: unknown command 'Ô⁄Ëç‡‘2Â≤Êá»∑U¢`á“isA∫Yw4‹©7”≤â*± ˇlﬂ™9Ò€(ﬂr|bå§qÇ(£U `ï«…è˚C√≈⁄¬¬|JBF&' (type 'help')
CLI: unknown command 'ì·Ù≈Lªc√÷∏Qm«ÀxG4æÑ¶J„˛˛$≤3èΩ4Ø)é∂FLÃ†¶»°‚∫^«À~§h°±m™Vö;$Sˆ—)∑Eê f'ØE_!4ølÜ#·¯A¨ú' (type 'help')
CLI: unknown command 'ó56øœ‹êQ7Ê≠Ì…éÕE-„dk¶˚Í5∆' (type 'help')
CLI: unknown command 'h‹ ƒ$o(¿_~±ã «ÜAg~"1¶,?Ãaï!ƒûÄâ≈Qv›/kßi≥h¢eÿOöàH.ç¬`˘´”8¸#ã–s◊“Û±î—›¸üèÿ∆˝I4 ∏K%Ó£ó√-·ÉT…Ã' (type 'help')
CLI: unknown command 'Œ˚' (type 'help')
CLI: unknown command 'Ñm' (type 'help')
CLI: unknown command '”å˚ôÙ•,' (type 'help')
CLI: unknown command '√Ò}¢ ·s  A=Iïq®(~ÕI†ÜA«6Pƒ0´‘fBÜNp/Í’çπ¿„˝y~±)l¥' (type 'help')
CLI: unknown command 'K◊<g`Ú€Mª&' (type 'help')
CLI: unknown command 'Z¨ìa —%ãDo˚ÃïÜá>£uQÔrL∑P’DH>®Î˝·kUuªmvZ@i‘°Œd^Ó^âV<V"\÷ÉëΩa≠' (type 'help')
CLI: unknown command '’©22QÜaF/Ìté5ÿ4ª†˚åìgx≈FN§Né§M^©Ió8p—u**j◊Y ¢?cÔ¢' (type 'help')
CLI: unknown command 'z√∑·í~6&hKC≠ºa´÷H∆eüR¸Ü÷∫ÇtÒÕuÍf≈Ä¨p' (type 'help')
CLI: unknown command '‰«#âÔòB/-é”ˆ`Æn/ŸX»†œS2GÚ2: /·ÀK˚ÛŸôçèÍWM"+dpQx7Hªîïó gX^<≤+VÛ°Àµ1œ…Y‘Áòµx/ƒRJx´1 trñ"( `\ÀÕ¨2jqãC·BOãW@MˆﬂÃ^π›_)`)' (type 'help')
CLI: unknown command ''{jíæqv‚_Ô√æµ∑˚' (type 'help')
CLI: unknown command 'J÷§÷à∑ÃyÛ' (type 'help')
CLI: unknown command 'jﬂ∫0x' (type 'help')
CLI: unknown command 'Dl(Æ√ÆÄhd¨d :òÚ q‡ ‡˛Vûsn ÒÏäõ…øgÒ:Ükã‘5ç≥ê|¨´{j®#Pº—Ñ¥FSX-ƒXÌ‘qYÎ∆†ÒŸ%oç€`—å2i)kLpeÚbÉfP3¬¬π3+<[ˆΩ€Ÿ'≠âFÔ¬'G2ƒAÿÃbÌù˝l?>%Ωw!V€¸ˆß_˜I' (type 'help')
CLI: unknown command 'Î[‚pÓ|iJ' (type 'help')
CLI: unknown command '$lb≤Ú˘ND,‡I¶-◊·›VΩ¯)VSPÁ"NO»◊(>≠+J¸∆œëµ,8A£Ù(≥ŒäŸÀà€0∫Lº9aHl®’^OSn8('Ö¥a¶˝ˆÊŸƒêëöBwÔ"˚Ô≈cÛIP‘OOí—y¡bGËmî(&“0 2RçÃRZ¸4t7”’”-ø' (type 'help')
CLI: unknown command '∆ƒ—hpeùìΩ˘—€†raÙˆêv©çw oÜ7I0î»ûa>büqóà»,;kÌ∫j&ófÆ^Û¬"æ^zj'IF>Ó≥>Ω:QΩÂÂ	<∆ ËE≥Æ†≥DÌ~ZX–ÀÈXyX=˜º!R⁄G1πàúÆR„çDç' (type 'help')
CLI: unknown command 'îø¿Ëh«[EYê‘d  ]¸' (type 'help')
CLI: unknown command 'fø˘|ÂR5ÎW3ì_<µ˚'' (type 'help')
CLI: unknown command '	!8æÁ∆ˇ‰¶#jy*#™ˆÄSµ[Jôç@€ßB¨!-∏®Fœ(ë‹g0ªÈãï$ÉxÚˆ†{:rΩä>÷˚Õ$Z4ﬁ$£•…e‡ï–“ Õ£œ^B)o?Ω¸Ä“_xVÍ©cK~]câ5Ê è#ÎR;ÖW3ãè„4¶/∏k·•æÅIÁ˚ôËtÛo ' (type 'help')
CLI: unknown command 'M‘Ö4§!≈%û€PÇØB4Q5K).3dnÅ ' (type 'help')
CLI: unknown command 'o©ÜÊ€…]ÿÄ' (type 'help')
CLI: unknown command ')ÉOú`¿¶|ÀÆ›‰l-•n•o#gπ!Ì˝ÎﬂÜ√é¬aükÈﬁùΩr{±UÉ0@7ÒËîÖVí' (type 'help')
CLI: unknown command 'daœ@«»m‡∂]ñ<Î™ŸÅ'‘ÄÙN°Öz† w®ú”√Äêih’Öˇ∞S≤ÂJ¡Ï`Ø_ñ{ÇSô∆DªTÈ*Â∆‚›`Vw€†‰ef_q£%?Å%ÂZ‹®=Z!¸£' (type 'help')
CLI: unknown command 'ˆá, ∂ÄlvÜ"∫gPr®:n◊\~Ó∫Îﬂ©ﬂEoÚ∞j;ß' (type 'help')
CLI: unknown command 'îÆx”'‡Qà' (type 'help')
CLI: unknown command 'c€∞—éıópE±ô¶ƒÒ◊z˚4—^≈‹Èè‘†sÙø ≠6#˙¬S‚ˇP•©"$ﬂé∏¨ÑÄd£è¨¬Ë5RŒ©ÂœÑi¯|æ:Œ©ß≠G±d∂˘ßhõ} “˘◊∆^wdŒ·\}· ŸEªâDìçìÆ{=_X6JeS6$JÑïΩH' (type 'help')
CLI: unknown command 'ö4>T9ar1≤rÉ3˝#*ÿvÄ@=@1˙_ °{:ª…®∏ÂÅ˚à„®ÔU«xÌn∏!§$¯âŸ˛lb£GÜ0}÷Ωe§;JßéoÜIgz+hKUØ,åÄ‘H◊:' (type 'help')
CLI: unknown command 'Fû"c+âg≠{¢WåTN‡&èyÄ(d:H√È÷ µÛUv}¡[Y)wÁ q˚Œ©`îÄùGãﬁmMﬂz}‹rX\K1ﬂ)…M~hJæ–±%á]¥ùÁ ÓóPC!ELªlPÒ˘∫S4Å98‡Woh$7 0∑ï∆Äµ' (type 'help')
CLI: unknown command '9›…{)®∏ë ∂¢Ä˚˚ÅÌQ1Ù•éœk∆b∆ÃÕ\¢œ¶ôÌòB◊ÔŒΩ“Ú—†Útt['QÂ∑goÜól∫àí}ù*+Z‡BVƒ›wC/Q–éÎzÔñÖ±IaJz∂K }5Q#ôû≥Ÿ' (type 'help')
CLI: unknown command '¶ö¢. äΩ¨nò ∑[õË£⁄œXÏ≠êè)¨+ºº(*E¢gãq]„¡'üB“4=úÛ≠¿GK	' (type 'help')
CLI: unknown command '}xs1Zç¬$¥¥Æª;ICŒOœü—Ñ˚±=8DëÚÇö˜u;`?Ôxå(' (type 'help')
CLI: unknown command 'Iïh’eö~“Bå@„NˇëH≥zh4°˜Y7€ÊÚ¢kp…©Ä' (type 'help')
CLI: unknown command 'MóÇnˆÑËÕ‚pÛAt'3,†˘˚4•?e—÷YfqeõÅ'ïËæ+\"˜˘IΩÉMc≥+Óam°∂öÎ:ØNN%íÌÿ^Ø2†ú≈∑e 3V$πÍŒˆÜ¶<ß}B±,ÌK,PªáSAfÖƒ»≠Ò∑˜‹à√î†},‰÷27' (type 'help')
CLI: unknown command '@⁄ÏWN∞§x®^hDDà◊eB7 ÔZ3ÌÕπ¿Óáàãá»ÉKy‡K+<zÍrrzæı¸ô• y?Â≠ÏJLú)ús%ÓÙeıˇì:Oˆ\ı.zö‹Ôã8⁄Ñé‰¯Ç,¯èﬁ⁄:u6õåP™Ö§b*ƒõùY{‘D8'™ﬁÆ˚7Õi ÈÉûÎÀË£Ëy:zdÔÚ¡£Ä`\ûCç˚S›q⁄µEÃp˘<áU¢rvúFB⁄•tÁ)µXpèBt2Ö' (type 'help')
CLI: unknown command '˙•eâó≈˘S{íQYZÑÀŒÄ\˚(ïu÷ïE•@L€î’' (type 'help')
CLI: unknown command 'π3\Û".tˇd\ πU@§¶ï?é¨…`@3yWi◊Y' (type 'help')
CLI: unknown command '·U˚Xs∞—Ù€î†ô¨:¬Ø± ∆P‡%zÆC¯,1ãM*hø&≠πÛ√ ‹¶8é“;>Ôo_{9qÖ6`;’πY}·Y\õqÆå‚¢3‡O‘≥Sú˘' (type 'help')
CLI: unknown command '∫Â˛F7÷∞÷°„÷º?◊„JP]{' (type 'help')
CLI: unknown command '∞Ù¸_<£ªˇˆl cËÄ »7Ñ^Ωi®å}J∫ù 9f\ú†_Øøû’3µ¡øË€5·Ú∑Zu á‡§Ò¥µVZù7Ø•≠∑86™  ⁄«ªMZsÖ@/F_¶?ùÀ’≈Ù[˚ Îñ»+0∆≠0M) ª‹úÉ' (type 'help')
CLI: unknown command 'w ô≠†¥ù$≈eπÙ"a¢z†¢ˇçﬁx0K≥Ôœ∂' (type 'help')
CLI: unknown command 'k<NòéáÌøÏy=Ö*|¨÷Oñs˝€âÿûÖú™≤A|ºóá˝e∆‚”(Tz7?,FÏô;Xéú|EèÔ¶∏LüT˘¨aª°å§ì∞BX‰7´ØZ≠5î5∑∆.Ok~Ó/àx˜ë£»ó÷‡ı£1{É‡ or–@éõ’≈ªõlQmsà-jY√üéCp¸ÿiw~W-h#óIOé—Îˇ+˛w∏åKBŒ+Ó‚’kîRW¶p' (type 'help')
CLI: unknown command '∏íı˚T&4’µí]6˝≤Æ∆r ®Jô<ï' (type 'help')
CLI: unknown command '˛5JΩâGŒzsV>ÔB º†«∆wv?·|•KÈ' (type 'help')
CLI: unknown command '¸I;Jπ˝Iq≈wÚTK®f?MW˙®Á3DûU©µzÀwåQ	z¨u&#‰…ËÎ€ªZMrJÖkÕCä∏ËòzÌÆ2¶:¥i3±-≥;Ï§k, ´Ê=QxæÕÚR±?◊p∫Ï~6≈˝ﬂfm˝â' (type 'help')
CLI: unknown command 'üjeñÃ˜œﬂXÿ„0åV' (type 'help')
CLI: unknown command '"LüÅúN['Ôy≥⁄([◊OI÷&ölÿæämmƒWÏãèovê.îÄã=¬£˛z–ä_◊¶b‹Tß˜Ÿ™!∫13Y÷ö5cΩ]â¨Õ#û' (type 'help')
CLI: unknown command 'BW¨Sı£:éˇ·é‹u∑˙´µÁˆKU‰(˛<yÊVH1‘?Õ€C˝6˘Õ<Ñ ®*ÎˆUóZ],áê' (type 'help')
CLI: unknown command 'çF˛»HêÄö∆=îŸ{¶í-É`Oñõ÷¶é˚¥≤ }VO˘.#](¨W¿I' (type 'help')
CLI: unknown command '*Ü∏ÂÕ0Y‘Õ›Rd∆πy3j‰QM∂±ﬁºòÅZÕfa 42⁄–@6'¯2r⁄' (type 'help')
CLI: unknown command ';tπ`Fb8jMu´™Í);ˇ}lﬁÔ|i¢0‰ÅáqèKo˛+r%ÒÛU¨rÔœl—2∞–ç¸E€kºØX&20ÂPÙ' (type 'help')
CLI: unknown command 'GïÇH›¡W◊ÇKı+ÌKÔB¬	htn' (type 'help')
CLI: unknown command 'ökk{◊˚/‡Vf‚∆Biûë≠™—' (type 'help')
CLI: unknown command 're—ìıCø›√mWÈ˚ _∑íyeN∫ÓÇË‹ﬂ˙ã&^{Íÿ%ÄrN÷M)S«Æ»aÚ•'Yç†FÉÕ˝Ìr÷(iMI›kS+Œ±.Ç7"F' (type 'help')
CLI: unknown command 'WE˜ HÍÃ9†IC÷3ö}wı[£µóÙúãÂ†q2WvU>†øâÁÈ¢(b†◊ﬂâÙPÉQ≤m0Tÿ“¸Nëvé≤¢’‹x }¥d§]˙D9£E#tÜ§ OûJãÿÓm™§‘®&_(±◊)t◊XÍAÚBd)“∫◊@¿n¶ß‡X,PÜVw´¬1‘ß‘k≠≤L“wÍ 'ˇyJ!l	™∑BL±Mı,èkòÃÈ¢&' (type 'help')
CLI: unknown command '„oVälá≤Î†°Àd'îsÛBı'˜ ô*yVf1d∞'CUÊ' (type 'help')
CLI: unknown command 'Æ˜±O≈ı¨hûÿ´Aß yË‡˘àæ'EÕßΩ€f‘≤«¬BŸÄ˜~$”ÌÿÅ¥g?⁄%fÒ¶ò¿8F `O›¥ùª´éå>≥ô„˘^«◊≈9Î?óún›G!√Md∆;?ê`V„µÎ„‡U·Á÷Ç.ì/Õ7⁄ëª£5Ò√z¬àÓÿ;—' (type 'help')
CLI: unknown command 'YSv6E™ÙFB ∞ÄÌÃhi˚D·õÊà,zﬂ@öÑQ©ò¬L‘Pó˙”öÓd<\zÀ◊9kTó°M»[Ö/7o◊·b¸Ω§¥Z	Øíh0N‘-“8ÒíÕXM¿Ωù∏ÌóÜà¨)"Ø-Xò⁄&ıi<¯´⁄{ßY¶ÊÛ1t}(û∞µÈHÊ}öÃƒÔüt)◊-è˙Úi–£C' (type 'help')
CLI: unknown command 'ˇX'+s*€?åñ.Qœtot`]”¢)óEîﬂQ¥' (type 'help')
CLI: unknown command '£–#cˇÑÔ#2~¥DÂOïáA…ÎÒïM]WäëPÂe∂˛ΩÒs=óàreb»ÛYOA~V“e©5ªÚ€q≠ŸñR<.òu ˆﬁ¶§„9O∫?†⁄Ô √“h3W-ıÍìP¨=Äå"ä.˚àÉ¨' (type 'help')
CLI: unknown command 'Ct§<ÌıÈø&B†N¿\äã˚ƒßEµ>fù±P' (type 'help')
CLI: unknown command '“ ' (type 'help')
CLI: unknown command '2Òûè±‹ÑﬂÔi8÷>Á\≠(l˚ˇiÛzıÙÉåÔÅ' (type 'help')
CLI: unknown command '{ÿ`ÇiW:èºK-≈††√±aÄ¶%‰Œgô5ce…ñ©µ¬ß(˘?©‹≈Wî∆≈Ö•cÜ'‡XQ¡z@ZÔ· 9√ñã¸∂y ù•?âÒ;ø;˝§´u∏ä*·¸†'˚9Âf4Ô§[’Ÿ=∫§Ë•ÃHıÆál5[•k' (type 'help')
CLI: unknown command 'ø ª⁄˙k…W' (type 'help')
CLI: unknown command 'ú]ï\my{w¸ñ†œ6v6≠ÿmwKvŸÿü&ò’◊B' (type 'help')
CLI: unknown command '^±I¿éœZ°iƒCˇYˇêy`"º ï°ÿh&⁄ÅÚ964tŒûŒﬁ∑·ÄÌÖ4éFw98ÎÃõwt;q.àÏeée€• ¶OœŸ|Ê©“‰ç' (type 'help')
CLI: unknown command 'Ä…UÙ¢°(îó°E–' (type 'help')
CLI: unknown command 'KC<˙âºÂJ7d«,C¡ï€W<`ƒù'$R‹9·∂ŸÌ‹˚goûˇ*!p;ìIµJ9' (type 'help')
CLI: unknown command 'Hulo∂∂Zá—[˛m‡õ‹@PÏ-_r°‰o˜Éò∫)|8¸	T[qMãÏ˛g>´?ˇà› 	¨≈5íÙ’◊^V£Q2€úÀøz˛gWvÙÊ∂=ëï £–É÷ÕØﬁÜ¶˜_øxﬁjI˘¸cO≥ÿ}' (type 'help')
CLI: unknown command 'Øﬁ4˚ÍÑÚCB›Úä⁄{Ìyfa;I…™Øfy·pˇ.Ù≈L†3I,úËHzmÔãõ8˘»⁄.:¬d¨Bˇäáˇ{∑"ª‰µ∂›µ?¥¶íÂxéO·' (type 'help')
CLI: unknown command 'sı”åmÛ¯ˆC{:«ÿ!ÔÑÏ7:‚Fˆ≠®?ì˝(_ÈÙß9ƒÇX¡(º‚~l[»Ω÷öˇ9èºCZ' (type 'help')
CLI: unknown command ')1ÛAòO&ÌY/‹…o3Ÿè_ö^Ê<E¿˝û>∂ˆU¯u	‹V~cél1“õ("∏ÓEDòÊá3v†ïLoF#(L…oåoç4‘0qÂîivO„ˇGÎk·∂»JÑWõŒ“i‘ô§€oÜÒãN√ZºÈÌQµ}∆1WÒå' (type 'help')
CLI: unknown command 'd+˛]æ%A6ødK&.¢*uz‰SÁ©	›˘jø¥Äè*+l3ºf:öÑó‰<RıÌ}πSW%±[;kìÂl™«ê¸€(/$ØZ ≈¯˝µ·do-√*çAÁ"ı„W›’øøO≠	Û≥&(ÀÆÓ	d.¨H™' (type 'help')
CLI: unknown command 'ótÖJ≠Ca>ZN≥≈Ÿ»6bZÌ¯IË:ÌaKY!˚"Aû˙ ◊”‰^£¿é›Œ' (type 'help')
CLI: unknown command '#  ,f[¢öYçH¡ª;¬æX9√¥÷ìl‹(™òﬁ%ªÁ?zµ˙nK>ºØ¸8M™óπíï*øf…9›Æm@B' (type 'help')
CLI: unknown command 'r‰åhuyMΩN,Öúﬂﬁ”.±–j@ƒ£[˚áâãµz¶)uÇûë(RrZ{πl∞OÜ2Â‚&X1Õ' (type 'help')
CLI: unknown command 'hÑ˘t˛™Ñ0£¬w≤ÿfÌ∫Œ˛.ôÅ\1w-§u@XòÙ#¯Íx„,å¥ºC7¯®+|:Á ÊZü!˜®{ªˇXÚ©æœä_›…Æ„Ò∑‘íÖ∂ﬂñ‰E >ƒ' (type 'help')
CLI: unknown command '≠Ç4÷¸·ÉÿIπ&†ÆoqI=+KØ√≤≈oxˇßvgÍmrΩKƒŒ®•=bbcû	ﬁéh' (type 'help')
CLI: unknown command 'y∆Õzï:-ûqŒ·ôíàÛ/‡—=∆–Ù}˚Z<∞Ë°åıøl™Kı…gØKltä_›g]ß⁄˙≥“Uí±›Áåé≈ú©bÃXΩ' (type 'help')
CLI: unknown command 'Q∞ï±|œ∑'Hıîj'˙Mn¬∆Ê%%áæŸ˝r»uèrXí≈Ô‘3£0Àxtúˇxó* wp§·∏¬ÕxõN[ÒêÏÑgàHÒÙ˛∂îªı•≥b>≤‰∞öZÄó)ê ”óX◊≠^ÅE	7àd	4êñKèÍ–Ÿ“M' (type 'help')
CLI: unknown command '⁄ Â¯o0å*(ﬂˆÙ±srÏåëÃŸ÷Èç≈2	õºÆãYas◊ÔàÅ-¨Ã' (type 'help')
CLI: unknown command '˚*}∂Ùü èNJmà‚Ê	h‹ë'm;}FgMﬁŸììu,Ô±ìµ°b¿t˙H\QlÆAqùuNï≠]Lt}Tá-ô¨Ä“Ù–ª/È3Ã7±‰¬2_±m81ıEQ±dJ∫)a#e9±≈8c—t1™$Û"úŒFBa_ˇï¯‡ô¸Æù2‹r##¿' (type 'help')
CLI: unknown command '˘[˚£±g”jÄJ›}?ì¨YºËú¬ÀÔœ' (type 'help')
CLI: unknown command '~ÈÜV–∞+ÛïÜ&' (type 'help')
CLI: unknown command '–+c^;‹⁄—]±GÌÀàÑ∑AÛÛLhdx|œwÑ<E8CÑº;˙MÎ«\ó%%A{±(®∑&`öFô»’5FÍ!î 7∏*∫hÎ–y)aÓNçl∆Œ√Hr˜ê™w&WÚb±È¬Ó' (type 'help')
CLI: unknown command 'hjFwKı“{u-ÿV¬ovΩh$R5≠' (type 'help')
CLI: unknown command '’¡¸∞Ò`∆˚±Jóÿ¶Ö@vqú«ÈLÓËxvbY∂OŸ–RBg≈ÆeA˜1·tØ[Z∆ùnÀgÂ%ì˚å≠hé9¢!Ó’‹36Èkœ˚—Õ§{R˛ˇ˘π÷ƒ kó¡–ÁçŒ i´CERCGWaí‰_òcZ"Çc≥Ê‡Àw' (type 'help')
CLI: unknown command '„èÈªv 4sé¡˜2O∆çã„—"’ñó9πò.ÿ…£d©»GÉ£¶∞«‹—Än¶îß›œÈ~a _ôæ∏/6YﬁÚÁπ' (type 'help')
CLI: unknown command 'Ä•ë›y;lÂ;Î˜3ó ¬ﬂïK='øÃ÷1F}>é´x–ÎPj√' (type 'help')
CLI: unknown command '†O˜˛K7ì#/»O-Çë˘&ƒ9Kí;s¥è€,cÆÌ—f~õÈÜy	óe∆⁄ÔTJØ	◊¨ÿ¨í›≠≤Tü%ˆ +±é◊ßÒﬁ≥õõVAO1dﬂ2' (type 'help')
CLI: unknown command '`9ΩÕSáºéÁ…!ªøÏÉc·Ù´Ä|‚b+è#,É÷WÓ˘âÊKµ2*öíB≠®&¿ôƒ™á%ß∆ÌÍÉ†Ö<&RÜÀÚlì7~Goøø©€ç' (type 'help')
CLI: unknown command '∑7∫ÕÂò‰<2ﬁµ-HBF‡´4 Àπ·j' (type 'help')
CLI: unknown command 'V‹z” R©öwÓÿ!¥ª}¯Í∑˚¬%r¥£∆µ˙Ω-Ö∏h„*~¶G9€¶[Q‘\' (type 'help')
CLI: unknown command 'h»£‚ó”!P~5|QVf˛Q“‘Ua—Ó⁄.õ-œäÅ8U™„Ó#Î6#ÖPZΩå¯¸-≤±äw˛Sƒ®#•%ÕΩRßy1˝q¥˚‚ñÊ7y<∫˝e L)àï¡ﬂ◊“Å;_π.GºÂÏï¨[VZ⁄¸Æ“Ià∑"çaD˙ø' (type 'help')
CLI: unknown command '˝-áI·‘*tUééÛ¶ ˇﬁ~√ñ2 ú[J øäZñ9√õN¨"kÇÆ/¸÷◊˛åW}!ŒºÎÍD†›¿Î≠cü…’GﬁP©HEzjÈÍæk>i˚;òæW◊LÿÂ†3È	Ù~ú1QÕ¡h‡Õ=?Ω(Ñ£ÙSàL´vÃÿºn˚sÆ˘^ˇÈ#™¡jßp\‡˘>*ÛØR• C1ÚøwÀ≥†¶hd(ˇ¸Æ÷¬≠∞' (type 'help')
CLI: unknown command 'F>Åu¯®ÊoG√„ûXˇêPÉƒÍìOÑ¢5Y  $L17«uç¢á«]òQ' (type 'help')
CLI: unknown command 'ã3A‘$ôÁ)‡cN> ìï÷≥EK˜@ƒ\oö¬' (type 'help')
CLI: unknown command '•ëΩ?ô` Ò…~ë:ı¸MpËyA‘HPe 2÷]≥ 8◊©∏úolÀÄtÕBp∂gd£JüŒƒ  Àß÷;\†ÉAI©n©˚D¢C Õßô}Ûu^PÊ_&xË&…mÈ–£2÷g‰Oƒdú)øI5aïh.ÙÈlô∏€¯<a1>Áì *≤&]‰ô¡¬7Ó;ﬁ˘Œk.>éSUAú¬6∂ôL6 ¶ª[€|%©z`=2ﬂ;' (type 'help')
CLI: unknown command '˜<bVjó ä&œ<˛µ§VC&W'y].¿XÅÒk˜+ﬂbá'Äl'Zﬁ•vgvˇÏÌáË\Çgà|EØ;m“]ÒÍŒπ⁄{/Œ¸ÏÕ+#Ò”EBE˙œ(¥>x$TeôßK¸È4≥~—&' (type 'help')
CLI: unknown command 'FŒÔp∏,(Ç»v>W˘;˘f≈Ÿ·ÊÊ1¢5 56Ï	lb˙ß$cN'¯¶1 $≠ú¢§¥°QœÈA' (type 'help')
CLI: unknown command 'äºÜÖG…ñòæz»ˇ›0œ•ò∂‹Ë6g¨hqäö.tπzGyæk JÜ[ÉFÄæ¡∆EŸ≈)∏ä” ?Bê ◊’â' (type 'help')
CLI: unknown command '1!∆0 ¸!èÁ' (type 'help')
CLI: unknown command 'Œ∫±¥êÉ=M‚(ü¿Ü<A⁄ã!B`î◊ô”"ﬁÇ¿Ècn§œM†;C7ñ)>C¥âT≈ﬁF–;ß±Õ&]º„1ñÃçáWt “' (type 'help')
CLI: unknown command 'FrºciÄ◊EÑ	›¬l0 1mõ∫#¨˙Mõõ˝ˆ$' (type 'help')
CLI: unknown command 'ŒøàßXCÙG„7d•+E⁄•∫Ïnm/AîÑÆÿgÂ÷¥XΩ9ÓòU’!íi†|ì â8fàjÍV¨8Ω.7∏⁄€Ø·Ñ<uô˘ß+¶«ÉB%äí™õ∑◊u\˛˙®tΩÜ¶ı"ˆ7±’ô' (type 'help')
CLI: unknown command '˜' (type 'help')
CLI: unknown command 'ßÏ∑‰Õà54ÃÚ-lÍÌ–pàˆ3¬ØÄπìﬁüÉ‡÷è&oòö°∫nSÓp4n.?u/aõY=Nﬂ ]FÅíÄÙ»˙ÑpÙ0c∞m\˙˘.OaX“ΩÁ£ÎR1D)§"Î©3ΩK%Ç ù6U%Ñ√/ﬁQ°IK’->∫"%˜ÈL4F˚ÓOO(n¡™7ˇH´j\æ' (type 'help')
CLI: unknown command 'iû¶  7êAwﬁO•éÔÛ¯_q”ã7õ3 RÏÏ˚yÃ4ûm{/œ~HLê˛me,' Hn◊e9$MÓ◊∆ÎÁ' (type 'help')
CLI: unknown command 'gtë°‡(≥NºÄ*ã' (type 'help')
CLI: unknown command 'ª¥$à<‚?k£héÎû˝ﬁ°Ò·%i2)dyËÿΩ‡Ç‘mjAZ>nîÍ€æ| ıå	pY•û}§úÅŸ·8µ›AJö%T∂újñV∏éq“e’58÷ü?F.zH˘ÆÄˇT]≥]+ﬂ’+ ª¯ÿ‡=Æßç{2QˇãØ’Y(ˇñÈ+Öú™~E' (type 'help')
CLI: unknown command '<rDÆ ô √3	˛¬ã¶|PÛ“«£Ìˇ±p$˚®™?|ÊF¶ﬂù¸5∞ˇ‘k€kƒqEîò∫ey//È |' (type 'help')
CLI: unknown command 'PÊ—êI‡äki?Õd‚ËxË°.@œJˇPìj˙\rÀπ‚E…éH4Å∆ß{$Äµ¢/◊õ˝≥¡Á)' (type 'help')
CLI: unknown command '=@»´Â§)m_EK‹ıÕ˛?f<û"-®ø\öÛâ&≈Ù6o√¥Qbt›ËƒC§àÉ'$d8±b…mﬂÕÉÙË‹Ë c|$ˆç¸pÊIkzÕ¬î¯~›|ôqΩ (7‹vÇª[Æ”Y~(çS' (type 'help')
CLI: unknown command 'Œ>U"◊ÚtéìúSofæú )ZEãZ{Ø,Ç,%…m´¬™≥Ï…È¸ÑpgûÈ]ÀöF@œ„~Snê£ıìWπ(—^Kù`1-ﬂÒÈrüv@˜öù|máá0∑Fö<†8Wøˇ' (type 'help')
CLI: unknown command 'h˛JO•ò—Ò C°ZE‡Îé_∆%áA“˛n ∫`=D∂zEÿ:lˆ∑Jÿ";æ·GQâ˝ò!¨ƒzüÁ¯ˇ¶Y•`NÅ\nNM¯)‹˘QÒŒ(*˙µ‡cıú=Õﬂ∑∑ÙPMTTÓïˆî}é&ìx<02A‘F6ï´	ü]¡π‹ö«{µSUÿhªBiMﬂz≥<' (type 'help')
CLI: unknown command 'Ü–ÎE≈É3v^ﬂ|»¯‡‡f∫Ã˛kGç∞∂yyˆîEòË!§[±Éx∆†Ë«©n	n^Î”óÃ’IÎ0m/áö…gØ7ÍCTåìÙ¿ı6);åÙ∂k˙≥M`Å' (type 'help')
CLI: unknown command 'o√*˜∏!ïgÌ L1ºZÙ;ü±u/4MHŒ `ò∆Dœ÷Eqßò,Pü<\¥p\´«(3îO>ø±Æi™Ë™0ËgÒ? PZÀ3Ï„?û•7„j∂%„ÆÑ–âD ÓAΩ}ΩœÅ¸—se…~¥B:»a êt¨„é™IG'^¬Ô´?›≈€©ÔÃÀj<˙EKπ·<â`%”!n\±ûLS~ÛáÇ' (type 'help')
CLI: unknown command 'ËfY+E[3ïñ®ë™ÚëÖ€u¸îöû&ü' (type 'help')
CLI: unknown command 'Å2	7Èö_E1§ÄÀt¯_âqè˚Î}WZM›¢T$⁄S¸ZÙip‡•¸úV‹Ç∑ÿ0O ÷Ä,ªw’Å>eÍáﬁÜåíï∆]º^äï¬‚≠ö•jßEs‡| {\ZZ‘}' (type 'help')
CLI: unknown command '4¿A©˜U …≥' (type 'help')
CLI: unknown command ' ' (type 'help')
CLI: invalid client index (max 3)
CLI: invalid client index (max 3)
CLI: usage: pay <from> <to> <amount>
 OK
  test_prop_batch_rebalance_partial_fail... OK
  test_prop_keysend_invoice_collision... OK
  test_auto_rebalance_threshold_edges... OK

=== Tor Safety ===
  test_tor_only_refuses_clearnet...wire_connect: --tor-only refuses clearnet connection to 1.2.3.4:9735
[...]
    #5 0x63e35a1ae6ab in main /root/SuperScalar/tests/test_main.c:1345
    #6 0x7f287ec2a1c9  (/lib/x86_64-linux-gnu/libc.so.6+0x2a1c9) (BuildId: 8e9fd827446c24067541ac5390e6f527fb5947bb)
    #7 0x7f287ec2a28a in __libc_start_main (/lib/x86_64-linux-gnu/libc.so.6+0x2a28a) (BuildId: 8e9fd827446c24067541ac5390e6f527fb5947bb)
    #8 0x63e35a192774 in _start (/root/SuperScalar/build-asan/test_superscalar+0x385774) (BuildId: aeedc265e874534ed6affd49fa02f9fa76f337f3)

Indirect leak of 2048 byte(s) in 4 object(s) allocated from:
    #0 0x7f28800fd340 in calloc ../../../../src/libsanitizer/asan/asan_malloc_linux.cpp:77
    #1 0x63e35a38092b in channel_init /root/SuperScalar/src/channel.c:199
    #2 0x63e35a3dac94 in lsp_channels_init /root/SuperScalar/src/lsp_channels.c:176
    #3 0x63e35a302955 in setup_reconnect_env /root/SuperScalar/tests/test_reconnect.c:2314
    #4 0x63e35a30379b in test_reconnect_commitment_mismatch_rollback /root/SuperScalar/tests/test_reconnect.c:2385
    #5 0x63e35a199c14 in run_unit_tests /root/SuperScalar/tests/test_main.c:823
    #6 0x63e35a1ae6ab in main /root/SuperScalar/tests/test_main.c:1345
    #7 0x7f287ec2a1c9  (/lib/x86_64-linux-gnu/libc.so.6+0x2a1c9) (BuildId: 8e9fd827446c24067541ac5390e6f527fb5947bb)
    #8 0x7f287ec2a28a in __libc_start_main (/lib/x86_64-linux-gnu/libc.so.6+0x2a28a) (BuildId: 8e9fd827446c24067541ac5390e6f527fb5947bb)
    #9 0x63e35a192774 in _start (/root/SuperScalar/build-asan/test_superscalar+0x385774) (BuildId: aeedc265e874534ed6affd49fa02f9fa76f337f3)

Indirect leak of 2048 byte(s) in 4 object(s) allocated from:
    #0 0x7f28800fd340 in calloc ../../../../src/libsanitizer/asan/asan_malloc_linux.cpp:77
    #1 0x63e35a38092b in channel_init /root/SuperScalar/src/channel.c:199
    #2 0x63e35a3dd018 in lsp_channels_init_from_db /root/SuperScalar/src/lsp_channels.c:295
    #3 0x63e35a2c06a9 in test_persist_crash_stress /root/SuperScalar/tests/test_persist.c:1347
    #4 0x63e35a19d878 in run_unit_tests /root/SuperScalar/tests/test_main.c:921
    #5 0x63e35a1ae6ab in main /root/SuperScalar/tests/test_main.c:1345
    #6 0x7f287ec2a1c9  (/lib/x86_64-linux-gnu/libc.so.6+0x2a1c9) (BuildId: 8e9fd827446c24067541ac5390e6f527fb5947bb)
    #7 0x7f287ec2a28a in __libc_start_main (/lib/x86_64-linux-gnu/libc.so.6+0x2a28a) (BuildId: 8e9fd827446c24067541ac5390e6f527fb5947bb)
    #8 0x63e35a192774 in _start (/root/SuperScalar/build-asan/test_superscalar+0x385774) (BuildId: aeedc265e874534ed6affd49fa02f9fa76f337f3)

Indirect leak of 2048 byte(s) in 4 object(s) allocated from:
    #0 0x7f28800fd340 in calloc ../../../../src/libsanitizer/asan/asan_malloc_linux.cpp:77
    #1 0x63e35a38092b in channel_init /root/SuperScalar/src/channel.c:199
    #2 0x63e35a3dac94 in lsp_channels_init /root/SuperScalar/src/lsp_channels.c:176
    #3 0x63e35a2ecd3f in test_reconnect_pubkey_match /root/SuperScalar/tests/test_reconnect.c:157
    #4 0x63e35a199926 in run_unit_tests /root/SuperScalar/tests/test_main.c:818
    #5 0x63e35a1ae6ab in main /root/SuperScalar/tests/test_main.c:1345
    #6 0x7f287ec2a1c9  (/lib/x86_64-linux-gnu/libc.so.6+0x2a1c9) (BuildId: 8e9fd827446c24067541ac5390e6f527fb5947bb)
    #7 0x7f287ec2a28a in __libc_start_main (/lib/x86_64-linux-gnu/libc.so.6+0x2a28a) (BuildId: 8e9fd827446c24067541ac5390e6f527fb5947bb)
    #8 0x63e35a192774 in _start (/root/SuperScalar/build-asan/test_superscalar+0x385774) (BuildId: aeedc265e874534ed6affd49fa02f9fa76f337f3)

Indirect leak of 2048 byte(s) in 4 object(s) allocated from:
    #0 0x7f28800fd340 in calloc ../../../../src/libsanitizer/asan/asan_malloc_linux.cpp:77
    #1 0x63e35a38092b in channel_init /root/SuperScalar/src/channel.c:199
    #2 0x63e35a3dd018 in lsp_channels_init_from_db /root/SuperScalar/src/lsp_channels.c:295
    #3 0x63e35a2c41b9 in test_persist_crash_stress /root/SuperScalar/tests/test_persist.c:1451
    #4 0x63e35a19d878 in run_unit_tests /root/SuperScalar/tests/test_main.c:921
    #5 0x63e35a1ae6ab in main /root/SuperScalar/tests/test_main.c:1345
    #6 0x7f287ec2a1c9  (/lib/x86_64-linux-gnu/libc.so.6+0x2a1c9) (BuildId: 8e9fd827446c24067541ac5390e6f527fb5947bb)
    #7 0x7f287ec2a28a in __libc_start_main (/lib/x86_64-linux-gnu/libc.so.6+0x2a28a) (BuildId: 8e9fd827446c24067541ac5390e6f527fb5947bb)
    #8 0x63e35a192774 in _start (/root/SuperScalar/build-asan/test_superscalar+0x385774) (BuildId: aeedc265e874534ed6affd49fa02f9fa76f337f3)

Indirect leak of 2048 byte(s) in 4 object(s) allocated from:
    #0 0x7f28800fd340 in calloc ../../../../src/libsanitizer/asan/asan_malloc_linux.cpp:77
    #1 0x63e35a38092b in channel_init /root/SuperScalar/src/channel.c:199
    #2 0x63e35a3dd018 in lsp_channels_init_from_db /root/SuperScalar/src/lsp_channels.c:295
    #3 0x63e35a2c7fde in test_persist_crash_stress /root/SuperScalar/tests/test_persist.c:1554
    #4 0x63e35a19d878 in run_unit_tests /root/SuperScalar/tests/test_main.c:921
    #5 0x63e35a1ae6ab in main /root/SuperScalar/tests/test_main.c:1345
    #6 0x7f287ec2a1c9  (/lib/x86_64-linux-gnu/libc.so.6+0x2a1c9) (BuildId: 8e9fd827446c24067541ac5390e6f527fb5947bb)
    #7 0x7f287ec2a28a in __libc_start_main (/lib/x86_64-linux-gnu/libc.so.6+0x2a28a) (BuildId: 8e9fd827446c24067541ac5390e6f527fb5947bb)
    #8 0x63e35a192774 in _start (/root/SuperScalar/build-asan/test_superscalar+0x385774) (BuildId: aeedc265e874534ed6affd49fa02f9fa76f337f3)

Indirect leak of 2048 byte(s) in 4 object(s) allocated from:
    #0 0x7f28800fd340 in calloc ../../../../src/libsanitizer/asan/asan_malloc_linux.cpp:77
    #1 0x63e35a38092b in channel_init /root/SuperScalar/src/channel.c:199
    #2 0x63e35a3dac94 in lsp_channels_init /root/SuperScalar/src/lsp_channels.c:176
    #3 0x63e35a2901a2 in test_fee_policy_balance_split /root/SuperScalar/tests/test_channels.c:1422
    #4 0x63e35a19775c in run_unit_tests /root/SuperScalar/tests/test_main.c:773
    #5 0x63e35a1ae6ab in main /root/SuperScalar/tests/test_main.c:1345
    #6 0x7f287ec2a1c9  (/lib/x86_64-linux-gnu/libc.so.6+0x2a1c9) (BuildId: 8e9fd827446c24067541ac5390e6f527fb5947bb)
    #7 0x7f287ec2a28a in __libc_start_main (/lib/x86_64-linux-gnu/libc.so.6+0x2a28a) (BuildId: 8e9fd827446c24067541ac5390e6f527fb5947bb)
    #8 0x63e35a192774 in _start (/root/SuperScalar/build-asan/test_superscalar+0x385774) (BuildId: aeedc265e874534ed6affd49fa02f9fa76f337f3)

Indirect leak of 2048 byte(s) in 4 object(s) allocated from:
    #0 0x7f28800fd340 in calloc ../../../../src/libsanitizer/asan/asan_malloc_linux.cpp:77
    #1 0x63e35a38092b in channel_init /root/SuperScalar/src/channel.c:199
    #2 0x63e35a3dd018 in lsp_channels_init_from_db /root/SuperScalar/src/lsp_channels.c:295
    #3 0x63e35a2cb66a in test_persist_crash_stress /root/SuperScalar/tests/test_persist.c:1643
    #4 0x63e35a19d878 in run_unit_tests /root/SuperScalar/tests/test_main.c:921
    #5 0x63e35a1ae6ab in main /root/SuperScalar/tests/test_main.c:1345
    #6 0x7f287ec2a1c9  (/lib/x86_64-linux-gnu/libc.so.6+0x2a1c9) (BuildId: 8e9fd827446c24067541ac5390e6f527fb5947bb)
    #7 0x7f287ec2a28a in __libc_start_main (/lib/x86_64-linux-gnu/libc.so.6+0x2a28a) (BuildId: 8e9fd827446c24067541ac5390e6f527fb5947bb)
    #8 0x63e35a192774 in _start (/root/SuperScalar/build-asan/test_superscalar+0x385774) (BuildId: aeedc265e874534ed6affd49fa02f9fa76f337f3)

Indirect leak of 2048 byte(s) in 4 object(s) allocated from:
    #0 0x7f28800fd340 in calloc ../../../../src/libsanitizer/asan/asan_malloc_linux.cpp:77
    #1 0x63e35a38092b in channel_init /root/SuperScalar/src/channel.c:199
    #2 0x63e35a3dac94 in lsp_channels_init /root/SuperScalar/src/lsp_channels.c:176
    #3 0x63e35a28fc6d in test_fee_policy_balance_split /root/SuperScalar/tests/test_channels.c:1407
    #4 0x63e35a19775c in run_unit_tests /root/SuperScalar/tests/test_main.c:773
    #5 0x63e35a1ae6ab in main /root/SuperScalar/tests/test_main.c:1345
    #6 0x7f287ec2a1c9  (/lib/x86_64-linux-gnu/libc.so.6+0x2a1c9) (BuildId: 8e9fd827446c24067541ac5390e6f527fb5947bb)
    #7 0x7f287ec2a28a in __libc_start_main (/lib/x86_64-linux-gnu/libc.so.6+0x2a28a) (BuildId: 8e9fd827446c24067541ac5390e6f527fb5947bb)
    #8 0x63e35a192774 in _start (/root/SuperScalar/build-asan/test_superscalar+0x385774) (BuildId: aeedc265e874534ed6affd49fa02f9fa76f337f3)

Indirect leak of 2048 byte(s) in 4 object(s) allocated from:
    #0 0x7f28800fd340 in calloc ../../../../src/libsanitizer/asan/asan_malloc_linux.cpp:77
    #1 0x63e35a38092b in channel_init /root/SuperScalar/src/channel.c:199
    #2 0x63e35a3dac94 in lsp_channels_init /root/SuperScalar/src/lsp_channels.c:176
    #3 0x63e35a28f71d in test_fee_policy_balance_split /root/SuperScalar/tests/test_channels.c:1392
    #4 0x63e35a19775c in run_unit_tests /root/SuperScalar/tests/test_main.c:773
    #5 0x63e35a1ae6ab in main /root/SuperScalar/tests/test_main.c:1345
    #6 0x7f287ec2a1c9  (/lib/x86_64-linux-gnu/libc.so.6+0x2a1c9) (BuildId: 8e9fd827446c24067541ac5390e6f527fb5947bb)
    #7 0x7f287ec2a28a in __libc_start_main (/lib/x86_64-linux-gnu/libc.so.6+0x2a28a) (BuildId: 8e9fd827446c24067541ac5390e6f527fb5947bb)
    #8 0x63e35a192774 in _start (/root/SuperScalar/build-asan/test_superscalar+0x385774) (BuildId: aeedc265e874534ed6affd49fa02f9fa76f337f3)

Indirect leak of 2048 byte(s) in 4 object(s) allocated from:
    #0 0x7f28800fd340 in calloc ../../../../src/libsanitizer/asan/asan_malloc_linux.cpp:77
    #1 0x63e35a38092b in channel_init /root/SuperScalar/src/channel.c:199
    #2 0x63e35a3dac94 in lsp_channels_init /root/SuperScalar/src/lsp_channels.c:176
    #3 0x63e35a2595de in test_rotation_context_save_restore /root/SuperScalar/tests/test_ladder.c:1000
    #4 0x63e35a19eccd in run_unit_tests /root/SuperScalar/tests/test_main.c:950
    #5 0x63e35a1ae6ab in main /root/SuperScalar/tests/test_main.c:1345
    #6 0x7f287ec2a1c9  (/lib/x86_64-linux-gnu/libc.so.6+0x2a1c9) (BuildId: 8e9fd827446c24067541ac5390e6f527fb5947bb)
    #7 0x7f287ec2a28a in __libc_start_main (/lib/x86_64-linux-gnu/libc.so.6+0x2a28a) (BuildId: 8e9fd827446c24067541ac5390e6f527fb5947bb)
    #8 0x63e35a192774 in _start (/root/SuperScalar/build-asan/test_superscalar+0x385774) (BuildId: aeedc265e874534ed6affd49fa02f9fa76f337f3)

Indirect leak of 2048 byte(s) in 4 object(s) allocated from:
    #0 0x7f28800fd340 in calloc ../../../../src/libsanitizer/asan/asan_malloc_linux.cpp:77
    #1 0x63e35a38092b in channel_init /root/SuperScalar/src/channel.c:199
    #2 0x63e35a3dac94 in lsp_channels_init /root/SuperScalar/src/lsp_channels.c:176
    #3 0x63e35a28f1d7 in test_fee_policy_balance_split /root/SuperScalar/tests/test_channels.c:1377
    #4 0x63e35a19775c in run_unit_tests /root/SuperScalar/tests/test_main.c:773
    #5 0x63e35a1ae6ab in main /root/SuperScalar/tests/test_main.c:1345
    #6 0x7f287ec2a1c9  (/lib/x86_64-linux-gnu/libc.so.6+0x2a1c9) (BuildId: 8e9fd827446c24067541ac5390e6f527fb5947bb)
    #7 0x7f287ec2a28a in __libc_start_main (/lib/x86_64-linux-gnu/libc.so.6+0x2a28a) (BuildId: 8e9fd827446c24067541ac5390e6f527fb5947bb)
    #8 0x63e35a192774 in _start (/root/SuperScalar/build-asan/test_superscalar+0x385774) (BuildId: aeedc265e874534ed6affd49fa02f9fa76f337f3)

Indirect leak of 2048 byte(s) in 4 object(s) allocated from:
    #0 0x7f28800fd340 in calloc ../../../../src/libsanitizer/asan/asan_malloc_linux.cpp:77
    #1 0x63e35a38092b in channel_init /root/SuperScalar/src/channel.c:199
    #2 0x63e35a3dac94 in lsp_channels_init /root/SuperScalar/src/lsp_channels.c:176
    #3 0x63e35a259b0b in test_rotation_context_save_restore /root/SuperScalar/tests/test_ladder.c:1034
    #4 0x63e35a19eccd in run_unit_tests /root/SuperScalar/tests/test_main.c:950
    #5 0x63e35a1ae6ab in main /root/SuperScalar/tests/test_main.c:1345
    #6 0x7f287ec2a1c9  (/lib/x86_64-linux-gnu/libc.so.6+0x2a1c9) (BuildId: 8e9fd827446c24067541ac5390e6f527fb5947bb)
    #7 0x7f287ec2a28a in __libc_start_main (/lib/x86_64-linux-gnu/libc.so.6+0x2a28a) (BuildId: 8e9fd827446c24067541ac5390e6f527fb5947bb)
    #8 0x63e35a192774 in _start (/root/SuperScalar/build-asan/test_superscalar+0x385774) (BuildId: aeedc265e874534ed6affd49fa02f9fa76f337f3)

Indirect leak of 2048 byte(s) in 4 object(s) allocated from:
    #0 0x7f28800fd340 in calloc ../../../../src/libsanitizer/asan/asan_malloc_linux.cpp:77
    #1 0x63e35a38092b in channel_init /root/SuperScalar/src/channel.c:199
    #2 0x63e35a3dac94 in lsp_channels_init /root/SuperScalar/src/lsp_channels.c:176
    #3 0x63e35a28eca0 in test_fee_policy_balance_split /root/SuperScalar/tests/test_channels.c:1363
    #4 0x63e35a19775c in run_unit_tests /root/SuperScalar/tests/test_main.c:773
    #5 0x63e35a1ae6ab in main /root/SuperScalar/tests/test_main.c:1345
    #6 0x7f287ec2a1c9  (/lib/x86_64-linux-gnu/libc.so.6+0x2a1c9) (BuildId: 8e9fd827446c24067541ac5390e6f527fb5947bb)
    #7 0x7f287ec2a28a in __libc_start_main (/lib/x86_64-linux-gnu/libc.so.6+0x2a28a) (BuildId: 8e9fd827446c24067541ac5390e6f527fb5947bb)
    #8 0x63e35a192774 in _start (/root/SuperScalar/build-asan/test_superscalar+0x385774) (BuildId: aeedc265e874534ed6affd49fa02f9fa76f337f3)

Indirect leak of 2048 byte(s) in 4 object(s) allocated from:
    #0 0x7f28800fd340 in calloc ../../../../src/libsanitizer/asan/asan_malloc_linux.cpp:77
    #1 0x63e35a38092b in channel_init /root/SuperScalar/src/channel.c:199
    #2 0x63e35a3dac94 in lsp_channels_init /root/SuperScalar/src/lsp_channels.c:176
    #3 0x63e35a290e62 in test_fee_estimator_wiring /root/SuperScalar/tests/test_channels.c:1512
    #4 0x63e35a1a2e4a in run_unit_tests /root/SuperScalar/tests/test_main.c:1032
    #5 0x63e35a1ae6ab in main /root/SuperScalar/tests/test_main.c:1345
    #6 0x7f287ec2a1c9  (/lib/x86_64-linux-gnu/libc.so.6+0x2a1c9) (BuildId: 8e9fd827446c24067541ac5390e6f527fb5947bb)
    #7 0x7f287ec2a28a in __libc_start_main (/lib/x86_64-linux-gnu/libc.so.6+0x2a28a) (BuildId: 8e9fd827446c24067541ac5390e6f527fb5947bb)
    #8 0x63e35a192774 in _start (/root/SuperScalar/build-asan/test_superscalar+0x385774) (BuildId: aeedc265e874534ed6affd49fa02f9fa76f337f3)

Indirect leak of 128 byte(s) in 2 object(s) allocated from:
    #0 0x7f28800fd9c7 in malloc ../../../../src/libsanitizer/asan/asan_malloc_linux.cpp:69
    #1 0x63e35a4ae5d9 in cJSON_New_Item /root/SuperScalar/build-asan/_deps/cjson-src/cJSON.c:243
    #2 0x63e35a4b6d35 in parse_object /root/SuperScalar/build-asan/_deps/cjson-src/cJSON.c:1650
    #3 0x63e35a4b4d2c in parse_value /root/SuperScalar/build-asan/_deps/cjson-src/cJSON.c:1373
    #4 0x63e35a4b334f in cJSON_ParseWithLengthOpts /root/SuperScalar/build-asan/_deps/cjson-src/cJSON.c:1129
    #5 0x63e35a4b325d in cJSON_ParseWithOpts /root/SuperScalar/build-asan/_deps/cjson-src/cJSON.c:1100
    #6 0x63e35a4b357a in cJSON_Parse /root/SuperScalar/build-asan/_deps/cjson-src/cJSON.c:1186
    #7 0x63e35a3a5d56 in wire_recv /root/SuperScalar/src/wire.c:455
    #8 0x63e35a3a6109 in wire_recv_timeout /root/SuperScalar/src/wire.c:464
    #9 0x63e35a304a0c in test_reconnect_commitment_mismatch_reject /root/SuperScalar/tests/test_reconnect.c:2467
    #10 0x63e35a199d09 in run_unit_tests /root/SuperScalar/tests/test_main.c:824
    #11 0x63e35a1ae6ab in main /root/SuperScalar/tests/test_main.c:1345
    #12 0x7f287ec2a1c9  (/lib/x86_64-linux-gnu/libc.so.6+0x2a1c9) (BuildId: 8e9fd827446c24067541ac5390e6f527fb5947bb)
    #13 0x7f287ec2a28a in __libc_start_main (/lib/x86_64-linux-gnu/libc.so.6+0x2a28a) (BuildId: 8e9fd827446c24067541ac5390e6f527fb5947bb)
    #14 0x63e35a192774 in _start (/root/SuperScalar/build-asan/test_superscalar+0x385774) (BuildId: aeedc265e874534ed6affd49fa02f9fa76f337f3)

Indirect leak of 96 byte(s) in 1 object(s) allocated from:
    #0 0x7f28800fd340 in calloc ../../../../src/libsanitizer/asan/asan_malloc_linux.cpp:77
    #1 0x63e35a454475 in watchtower_watch_revoked_commitment /root/SuperScalar/src/watchtower.c:247
    #2 0x63e35a30c017 in test_htlc_penalty_watch /root/SuperScalar/tests/test_client_watchtower.c:384
    #3 0x63e35a19e124 in run_unit_tests /root/SuperScalar/tests/test_main.c:932
    #4 0x63e35a1ae6ab in main /root/SuperScalar/tests/test_main.c:1345
    #5 0x7f287ec2a1c9  (/lib/x86_64-linux-gnu/libc.so.6+0x2a1c9) (BuildId: 8e9fd827446c24067541ac5390e6f527fb5947bb)
    #6 0x7f287ec2a28a in __libc_start_main (/lib/x86_64-linux-gnu/libc.so.6+0x2a28a) (BuildId: 8e9fd827446c24067541ac5390e6f527fb5947bb)
    #7 0x63e35a192774 in _start (/root/SuperScalar/build-asan/test_superscalar+0x385774) (BuildId: aeedc265e874534ed6affd49fa02f9fa76f337f3)

Indirect leak of 68 byte(s) in 1 object(s) allocated from:
    #0 0x7f28800fd9c7 in malloc ../../../../src/libsanitizer/asan/asan_malloc_linux.cpp:69
    #1 0x63e35a4b1a88 in parse_string /root/SuperScalar/build-asan/_deps/cjson-src/cJSON.c:820
    #2 0x63e35a4b467f in parse_value /root/SuperScalar/build-asan/_deps/cjson-src/cJSON.c:1358
    #3 0x63e35a4b72f2 in parse_object /root/SuperScalar/build-asan/_deps/cjson-src/cJSON.c:1696
    #4 0x63e35a4b4d2c in parse_value /root/SuperScalar/build-asan/_deps/cjson-src/cJSON.c:1373
    #5 0x63e35a4b334f in cJSON_ParseWithLengthOpts /root/SuperScalar/build-asan/_deps/cjson-src/cJSON.c:1129
    #6 0x63e35a4b325d in cJSON_ParseWithOpts /root/SuperScalar/build-asan/_deps/cjson-src/cJSON.c:1100
    #7 0x63e35a4b357a in cJSON_Parse /root/SuperScalar/build-asan/_deps/cjson-src/cJSON.c:1186
    #8 0x63e35a3a5d56 in wire_recv /root/SuperScalar/src/wire.c:455
    #9 0x63e35a3a6109 in wire_recv_timeout /root/SuperScalar/src/wire.c:464
    #10 0x63e35a304a0c in test_reconnect_commitment_mismatch_reject /root/SuperScalar/tests/test_reconnect.c:2467
    #11 0x63e35a199d09 in run_unit_tests /root/SuperScalar/tests/test_main.c:824
    #12 0x63e35a1ae6ab in main /root/SuperScalar/tests/test_main.c:1345
    #13 0x7f287ec2a1c9  (/lib/x86_64-linux-gnu/libc.so.6+0x2a1c9) (BuildId: 8e9fd827446c24067541ac5390e6f527fb5947bb)
    #14 0x7f287ec2a28a in __libc_start_main (/lib/x86_64-linux-gnu/libc.so.6+0x2a28a) (BuildId: 8e9fd827446c24067541ac5390e6f527fb5947bb)
    #15 0x63e35a192774 in _start (/root/SuperScalar/build-asan/test_superscalar+0x385774) (BuildId: aeedc265e874534ed6affd49fa02f9fa76f337f3)

Indirect leak of 27 byte(s) in 2 object(s) allocated from:
    #0 0x7f28800fd9c7 in malloc ../../../../src/libsanitizer/asan/asan_malloc_linux.cpp:69
    #1 0x63e35a4b1a88 in parse_string /root/SuperScalar/build-asan/_deps/cjson-src/cJSON.c:820
    #2 0x63e35a4b6f7e in parse_object /root/SuperScalar/build-asan/_deps/cjson-src/cJSON.c:1678
    #3 0x63e35a4b4d2c in parse_value /root/SuperScalar/build-asan/_deps/cjson-src/cJSON.c:1373
    #4 0x63e35a4b334f in cJSON_ParseWithLengthOpts /root/SuperScalar/build-asan/_deps/cjson-src/cJSON.c:1129
    #5 0x63e35a4b325d in cJSON_ParseWithOpts /root/SuperScalar/build-asan/_deps/cjson-src/cJSON.c:1100
    #6 0x63e35a4b357a in cJSON_Parse /root/SuperScalar/build-asan/_deps/cjson-src/cJSON.c:1186
    #7 0x63e35a3a5d56 in wire_recv /root/SuperScalar/src/wire.c:455
    #8 0x63e35a3a6109 in wire_recv_timeout /root/SuperScalar/src/wire.c:464
    #9 0x63e35a304a0c in test_reconnect_commitment_mismatch_reject /root/SuperScalar/tests/test_reconnect.c:2467
    #10 0x63e35a199d09 in run_unit_tests /root/SuperScalar/tests/test_main.c:824
    #11 0x63e35a1ae6ab in main /root/SuperScalar/tests/test_main.c:1345
    #12 0x7f287ec2a1c9  (/lib/x86_64-linux-gnu/libc.so.6+0x2a1c9) (BuildId: 8e9fd827446c24067541ac5390e6f527fb5947bb)
    #13 0x7f287ec2a28a in __libc_start_main (/lib/x86_64-linux-gnu/libc.so.6+0x2a28a) (BuildId: 8e9fd827446c24067541ac5390e6f527fb5947bb)
    #14 0x63e35a192774 in _start (/root/SuperScalar/build-asan/test_superscalar+0x385774) (BuildId: aeedc265e874534ed6affd49fa02f9fa76f337f3)

SUMMARY: AddressSanitizer: 17387743 byte(s) leaked in 1044 allocation(s).
<end of output>
Test time =  94.14 sec
----------------------------------------------------------
Test Failed.
"unit_tests" end time: Mar 04 19:55 UTC
"unit_tests" time elapsed: 00:01:34
----------------------------------------------------------

End testing: Mar 04 19:55 UTC
